Using pre-set license
Built from '2021.3/staging' branch; Version is '2021.3.24f1 (cf10dcf7010d) revision 13570268'; Using compiler version '192829333'; Build Type 'Release'
OS: 'Windows 11  (10.0.22622) 64bit Education' Language: 'ko' Physical Memory: 7986 MB
BatchMode: 1, IsHumanControllingUs: 0, StartBugReporterOnCrash: 0, Is64bit: 1, IsPro: 1

COMMAND LINE ARGUMENTS:
E:\UnityHub\2021.3.24f1\Editor\Unity.exe
-adb2
-batchMode
-noUpm
-name
AssetImportWorker0
-projectPath
E:/GitHub/Alice/AliceProject
-logFile
Logs/AssetImportWorker0.log
-srvPort
58301
Successfully changed project path to: E:/GitHub/Alice/AliceProject
E:/GitHub/Alice/AliceProject
[UnityMemory] Configuration Parameters - Can be set up in boot.config
    "memorysetup-bucket-allocator-granularity=16"
    "memorysetup-bucket-allocator-bucket-count=8"
    "memorysetup-bucket-allocator-block-size=33554432"
    "memorysetup-bucket-allocator-block-count=8"
    "memorysetup-main-allocator-block-size=16777216"
    "memorysetup-thread-allocator-block-size=16777216"
    "memorysetup-gfx-main-allocator-block-size=16777216"
    "memorysetup-gfx-thread-allocator-block-size=16777216"
    "memorysetup-cache-allocator-block-size=4194304"
    "memorysetup-typetree-allocator-block-size=2097152"
    "memorysetup-profiler-bucket-allocator-granularity=16"
    "memorysetup-profiler-bucket-allocator-bucket-count=8"
    "memorysetup-profiler-bucket-allocator-block-size=33554432"
    "memorysetup-profiler-bucket-allocator-block-count=8"
    "memorysetup-profiler-allocator-block-size=16777216"
    "memorysetup-profiler-editor-allocator-block-size=1048576"
    "memorysetup-temp-allocator-size-main=16777216"
    "memorysetup-job-temp-allocator-block-size=2097152"
    "memorysetup-job-temp-allocator-block-size-background=1048576"
    "memorysetup-job-temp-allocator-reduction-small-platforms=262144"
    "memorysetup-temp-allocator-size-background-worker=32768"
    "memorysetup-temp-allocator-size-job-worker=262144"
    "memorysetup-temp-allocator-size-preload-manager=33554432"
    "memorysetup-temp-allocator-size-nav-mesh-worker=65536"
    "memorysetup-temp-allocator-size-audio-worker=65536"
    "memorysetup-temp-allocator-size-cloud-worker=32768"
    "memorysetup-temp-allocator-size-gi-baking-worker=262144"
    "memorysetup-temp-allocator-size-gfx=262144"
Player connection [17560] Host "[IP] 192.168.45.201 [Port] 0 [Flags] 2 [Guid] 1242139753 [EditorId] 1242139753 [Version] 1048832 [Id] WindowsEditor(7,ooketmon) [Debug] 1 [PackageName] WindowsEditor [ProjectName] Editor" joined multi-casting on [225.0.0.222:54997]...

Player connection [17560] Host "[IP] 192.168.45.201 [Port] 0 [Flags] 2 [Guid] 1242139753 [EditorId] 1242139753 [Version] 1048832 [Id] WindowsEditor(7,ooketmon) [Debug] 1 [PackageName] WindowsEditor [ProjectName] Editor" joined alternative multi-casting on [225.0.0.222:34997]...

Refreshing native plugins compatible for Editor in 180.32 ms, found 5 plugins.
Preloading 0 native plugins for Editor in 0.00 ms.
Initialize engine version: 2021.3.24f1 (cf10dcf7010d)
[Subsystems] Discovering subsystems at path E:/UnityHub/2021.3.24f1/Editor/Data/Resources/UnitySubsystems
[Subsystems] Discovering subsystems at path E:/GitHub/Alice/AliceProject/Assets
GfxDevice: creating device client; threaded=0; jobified=0
Direct3D:
    Version:  Direct3D 11.0 [level 11.1]
    Renderer: Intel(R) UHD Graphics 620 (ID=0x3ea0)
    Vendor:   Intel
    VRAM:     3993 MB
    Driver:   31.0.101.2114
Initialize mono
Mono path[0] = 'E:/UnityHub/2021.3.24f1/Editor/Data/Managed'
Mono path[1] = 'E:/UnityHub/2021.3.24f1/Editor/Data/MonoBleedingEdge/lib/mono/unityjit-win32'
Mono config path = 'E:/UnityHub/2021.3.24f1/Editor/Data/MonoBleedingEdge/etc'
Using monoOptions --debugger-agent=transport=dt_socket,embedding=1,server=y,suspend=n,address=127.0.0.1:56792
Begin MonoManager ReloadAssembly
Registering precompiled unity dll's ...
Register platform support module: E:/UnityHub/2021.3.24f1/Editor/Data/PlaybackEngines/WindowsStandaloneSupport/UnityEditor.WindowsStandalone.Extensions.dll
Registered in 0.004428 seconds.
Native extension for WindowsStandalone target not found
Refreshing native plugins compatible for Editor in 147.73 ms, found 5 plugins.
Preloading 0 native plugins for Editor in 0.00 ms.
Mono: successfully reloaded assembly
- Completed reload, in  1.213 seconds
Domain Reload Profiling:
	ReloadAssembly (1214ms)
		BeginReloadAssembly (236ms)
			ExecutionOrderSort (0ms)
			DisableScriptedObjects (0ms)
			BackupInstance (0ms)
			ReleaseScriptingObjects (0ms)
			CreateAndSetChildDomain (1ms)
		EndReloadAssembly (797ms)
			LoadAssemblies (235ms)
			RebuildTransferFunctionScriptingTraits (0ms)
			SetupTypeCache (186ms)
			ReleaseScriptCaches (0ms)
			RebuildScriptCaches (49ms)
			SetupLoadedEditorAssemblies (490ms)
				LogAssemblyErrors (0ms)
				InitializePlatformSupportModulesInManaged (11ms)
				SetLoadedEditorAssemblies (0ms)
				RefreshPlugins (148ms)
				BeforeProcessingInitializeOnLoad (3ms)
				ProcessInitializeOnLoadAttributes (218ms)
				ProcessInitializeOnLoadMethodAttributes (110ms)
				AfterProcessingInitializeOnLoad (0ms)
				EditorAssembliesLoaded (0ms)
			ExecutionOrderSort2 (0ms)
			AwakeInstancesAfterBackupRestoration (0ms)
Platform modules already initialized, skipping
Registering precompiled user dll's ...
Registered in 0.011507 seconds.
Begin MonoManager ReloadAssembly
Symbol file LoadedFromMemory doesn't match image E:\GitHub\Alice\AliceProject\Library\PackageCache\com.unity.visualscripting@1.8.0\Editor\VisualScripting.Core\Dependencies\YamlDotNet\Unity.VisualScripting.YamlDotNet.dll
Symbol file LoadedFromMemory doesn't match image E:\GitHub\Alice\AliceProject\Library\PackageCache\com.unity.visualscripting@1.8.0\Editor\VisualScripting.Core\Dependencies\DotNetZip\Unity.VisualScripting.IonicZip.dll
Native extension for WindowsStandalone target not found
Refreshing native plugins compatible for Editor in 0.87 ms, found 5 plugins.
Preloading 0 native plugins for Editor in 0.00 ms.
Mono: successfully reloaded assembly
- Completed reload, in  1.761 seconds
Domain Reload Profiling:
	ReloadAssembly (1762ms)
		BeginReloadAssembly (246ms)
			ExecutionOrderSort (0ms)
			DisableScriptedObjects (9ms)
			BackupInstance (0ms)
			ReleaseScriptingObjects (0ms)
			CreateAndSetChildDomain (30ms)
		EndReloadAssembly (1361ms)
			LoadAssemblies (257ms)
			RebuildTransferFunctionScriptingTraits (0ms)
			SetupTypeCache (461ms)
			ReleaseScriptCaches (1ms)
			RebuildScriptCaches (80ms)
			SetupLoadedEditorAssemblies (582ms)
				LogAssemblyErrors (0ms)
				InitializePlatformSupportModulesInManaged (7ms)
				SetLoadedEditorAssemblies (1ms)
				RefreshPlugins (1ms)
				BeforeProcessingInitializeOnLoad (124ms)
				ProcessInitializeOnLoadAttributes (410ms)
				ProcessInitializeOnLoadMethodAttributes (34ms)
				AfterProcessingInitializeOnLoad (5ms)
				EditorAssembliesLoaded (0ms)
			ExecutionOrderSort2 (0ms)
			AwakeInstancesAfterBackupRestoration (25ms)
Platform modules already initialized, skipping
========================================================================
Worker process is ready to serve import requests
Launched and connected shader compiler UnityShaderCompiler.exe after 0.24 seconds
Refreshing native plugins compatible for Editor in 0.83 ms, found 5 plugins.
Preloading 0 native plugins for Editor in 0.00 ms.
Unloading 3348 Unused Serialized files (Serialized files now loaded: 0)
Unloading 39 unused Assets / (1.3 MB). Loaded Objects now: 3796.
Memory consumption went from 124.7 MB to 123.4 MB.
Total: 4.732500 ms (FindLiveObjects: 0.359000 ms CreateObjectMapping: 0.263500 ms MarkObjects: 3.544300 ms  DeleteObjects: 0.564500 ms)

AssetImportParameters requested are different than current active one (requested -> active):
  custom:video-decoder-ogg-theora: a1e56fd34408186e4bbccfd4996cb3dc -> 
  custom:container-muxer-webm: aa71ff27fc2769a1b78a27578f13a17b -> 
  custom:container-demuxer-webm: 4f35f7cbe854078d1ac9338744f61a02 -> 
  custom:video-encoder-webm-vp8: eb34c28f22e8b96e1ab97ce403110664 -> 
  custom:audio-encoder-webm-vorbis: bf7c407c2cedff20999df2af8eb42d56 -> 
  custom:framework-win-MediaFoundation: 216162199b28c13a410421893ffa2e32 -> 
  custom:container-demuxer-ogg: 62fdf1f143b41e24485cea50d1cbac27 -> 
  custom:video-decoder-webm-vp8: 9c59270c3fd7afecdb556c50c9e8de78 -> 
  custom:audio-decoder-ogg-vorbis: bf7c407c2cedff20999df2af8eb42d56 -> 
========================================================================
Received Import Request.
  Time since last request: 13121.231439 seconds.
  path: Assets/Scenes/Exit.unity
  artifactKey: Guid(d3cf22daab0beda46bda70ef57e809f6) Importer(815301076,1909f56bfc062723c751e8b465ee728b)
Start importing Assets/Scenes/Exit.unity using Guid(d3cf22daab0beda46bda70ef57e809f6) Importer(815301076,1909f56bfc062723c751e8b465ee728b)  -> (artifact id: '4a0223d7d1f79b69aa16a325c92a3568') in 0.017986 seconds 
========================================================================
Received Import Request.
  Time since last request: 1221.076404 seconds.
  path: Assets/Pixel Skies DEMO/Pixel Skies 240x135px/demo01_PixelSky.png
  artifactKey: Guid(0094c1ddec51f7a4db1d4a203ffdee0f) Importer(815301076,1909f56bfc062723c751e8b465ee728b)
Start importing Assets/Pixel Skies DEMO/Pixel Skies 240x135px/demo01_PixelSky.png using Guid(0094c1ddec51f7a4db1d4a203ffdee0f) Importer(815301076,1909f56bfc062723c751e8b465ee728b)  -> (artifact id: '6501c12dbcd9cd44b24d290331ed473b') in 0.266965 seconds 
========================================================================
Received Import Request.
  Time since last request: 0.000061 seconds.
  path: Assets/Pixel Skies DEMO/Pixel Skies 240x135px/demo04_PixelSky.png
  artifactKey: Guid(d5195c18a9a87014da4daca597d44a77) Importer(815301076,1909f56bfc062723c751e8b465ee728b)
Start importing Assets/Pixel Skies DEMO/Pixel Skies 240x135px/demo04_PixelSky.png using Guid(d5195c18a9a87014da4daca597d44a77) Importer(815301076,1909f56bfc062723c751e8b465ee728b)  -> (artifact id: '29edf8d514c724572693b94618574099') in 0.064019 seconds 
========================================================================
Received Import Request.
  Time since last request: 0.000067 seconds.
  path: Assets/Pixel Skies DEMO/Pixel Skies 240x135px/demo05_PixelSky.png
  artifactKey: Guid(a4fa243ef9771f64bb296e61b4d54881) Importer(815301076,1909f56bfc062723c751e8b465ee728b)
Start importing Assets/Pixel Skies DEMO/Pixel Skies 240x135px/demo05_PixelSky.png using Guid(a4fa243ef9771f64bb296e61b4d54881) Importer(815301076,1909f56bfc062723c751e8b465ee728b)  -> (artifact id: 'afa3b3eba783ed239e116a525c2b647a') in 0.056407 seconds 
========================================================================
Received Import Request.
  Time since last request: 1.394769 seconds.
  path: Assets/Pixel Skies DEMO/Pixel Skies 1920x1080px (Full HD)/demo01_PixelSky_1920x1080.png
  artifactKey: Guid(e7f9251d007ab1547bd1c48a700894c3) Importer(815301076,1909f56bfc062723c751e8b465ee728b)
Start importing Assets/Pixel Skies DEMO/Pixel Skies 1920x1080px (Full HD)/demo01_PixelSky_1920x1080.png using Guid(e7f9251d007ab1547bd1c48a700894c3) Importer(815301076,1909f56bfc062723c751e8b465ee728b)  -> (artifact id: 'ab69ffe884caecfd7cf0900abb23a69d') in 0.262465 seconds 
========================================================================
Received Import Request.
  Time since last request: 0.000122 seconds.
  path: Assets/Pixel Skies DEMO/Pixel Skies 1920x1080px (Full HD)/demo05_PixelSky_1920x1080.png
  artifactKey: Guid(dcecb4bed081cb248b711be68ea780a4) Importer(815301076,1909f56bfc062723c751e8b465ee728b)
Start importing Assets/Pixel Skies DEMO/Pixel Skies 1920x1080px (Full HD)/demo05_PixelSky_1920x1080.png using Guid(dcecb4bed081cb248b711be68ea780a4) Importer(815301076,1909f56bfc062723c751e8b465ee728b)  -> (artifact id: '754927938e2532a396edd6cc4653dd06') in 0.247826 seconds 
========================================================================
Received Import Request.
  Time since last request: 0.000078 seconds.
  path: Assets/Pixel Skies DEMO/Pixel Skies 1920x1080px (Full HD)/demo03_PixelSky_1920x1080.png
  artifactKey: Guid(cbef2fb8d44aed94297177261be84de5) Importer(815301076,1909f56bfc062723c751e8b465ee728b)
Start importing Assets/Pixel Skies DEMO/Pixel Skies 1920x1080px (Full HD)/demo03_PixelSky_1920x1080.png using Guid(cbef2fb8d44aed94297177261be84de5) Importer(815301076,1909f56bfc062723c751e8b465ee728b)  -> (artifact id: 'd9147415837d16f180e76591ef07b2c8') in 0.207292 seconds 
========================================================================
Received Import Request.
  Time since last request: 163.694407 seconds.
  path: Assets/Arkham Interactive/Toony/Skies/Cubemaps/BlueSky02.cubemap
  artifactKey: Guid(3b1359bf43783994da9234faab55c440) Importer(815301076,1909f56bfc062723c751e8b465ee728b)
Start importing Assets/Arkham Interactive/Toony/Skies/Cubemaps/BlueSky02.cubemap using Guid(3b1359bf43783994da9234faab55c440) Importer(815301076,1909f56bfc062723c751e8b465ee728b)  -> (artifact id: '9d26b50d88ea87135789b80376982bbb') in 0.279334 seconds 
========================================================================
Received Import Request.
  Time since last request: 1.632721 seconds.
  path: Assets/Arkham Interactive/Toony/Skies/Scripts/PF_LevelLoader.prefab
  artifactKey: Guid(6a17e58f963e36a448fb1125497b928c) Importer(815301076,1909f56bfc062723c751e8b465ee728b)
Start importing Assets/Arkham Interactive/Toony/Skies/Scripts/PF_LevelLoader.prefab using Guid(6a17e58f963e36a448fb1125497b928c) Importer(815301076,1909f56bfc062723c751e8b465ee728b)  -> (artifact id: 'db292de33470c81e60476f79dcdcc182') in 0.048660 seconds 
========================================================================
Received Import Request.
  Time since last request: 0.441378 seconds.
  path: Assets/Arkham Interactive/Toony/Skies/Textures/BlueSky01_BK.png
  artifactKey: Guid(57bdf03f4ab131043a2a45a9bc024377) Importer(815301076,1909f56bfc062723c751e8b465ee728b)
Start importing Assets/Arkham Interactive/Toony/Skies/Textures/BlueSky01_BK.png using Guid(57bdf03f4ab131043a2a45a9bc024377) Importer(815301076,1909f56bfc062723c751e8b465ee728b)  -> (artifact id: '3b93162a769ae10aac8db451cb2d7fbc') in 0.063419 seconds 
========================================================================
Received Import Request.
  Time since last request: 0.000031 seconds.
  path: Assets/Arkham Interactive/Toony/Skies/Textures/MoodySunrise02_BK.jpg
  artifactKey: Guid(72fc500564487e742a2cdd533b538b0a) Importer(815301076,1909f56bfc062723c751e8b465ee728b)
Start importing Assets/Arkham Interactive/Toony/Skies/Textures/MoodySunrise02_BK.jpg using Guid(72fc500564487e742a2cdd533b538b0a) Importer(815301076,1909f56bfc062723c751e8b465ee728b)  -> (artifact id: 'c00c28c46d418ae949e0b8570a1f3ef3') in 0.096759 seconds 
========================================================================
Received Import Request.
  Time since last request: 0.000062 seconds.
  path: Assets/Arkham Interactive/Toony/Skies/Textures/MoodySunrise02_LF.jpg
  artifactKey: Guid(f5d7c8bf9f745de4488cfa2a8a162ebe) Importer(815301076,1909f56bfc062723c751e8b465ee728b)
Start importing Assets/Arkham Interactive/Toony/Skies/Textures/MoodySunrise02_LF.jpg using Guid(f5d7c8bf9f745de4488cfa2a8a162ebe) Importer(815301076,1909f56bfc062723c751e8b465ee728b)  -> (artifact id: '617718f5d151b3921a1cf4874e122afe') in 0.074348 seconds 
========================================================================
Received Import Request.
  Time since last request: 0.000087 seconds.
  path: Assets/Arkham Interactive/Toony/Skies/Textures/GoldenHorizon01_FR.png
  artifactKey: Guid(4f1e46a1b5050934a89928fa0b70add6) Importer(815301076,1909f56bfc062723c751e8b465ee728b)
Start importing Assets/Arkham Interactive/Toony/Skies/Textures/GoldenHorizon01_FR.png using Guid(4f1e46a1b5050934a89928fa0b70add6) Importer(815301076,1909f56bfc062723c751e8b465ee728b)  -> (artifact id: '64a4b6a8a80884acdb605aae122de64a') in 0.076486 seconds 
========================================================================
Received Import Request.
  Time since last request: 0.000113 seconds.
  path: Assets/Arkham Interactive/Toony/Skies/Textures/BlueSky02_FR.png
  artifactKey: Guid(642fe92a970d5734191ab325f3cfdeb0) Importer(815301076,1909f56bfc062723c751e8b465ee728b)
Start importing Assets/Arkham Interactive/Toony/Skies/Textures/BlueSky02_FR.png using Guid(642fe92a970d5734191ab325f3cfdeb0) Importer(815301076,1909f56bfc062723c751e8b465ee728b)  -> (artifact id: 'fbb25fac163fa402207509a45bd4a15f') in 0.052886 seconds 
========================================================================
Received Import Request.
  Time since last request: 0.000031 seconds.
  path: Assets/Arkham Interactive/Toony/Skies/Textures/BlueSky02_RT.png
  artifactKey: Guid(a5e71a13301adb44f81f45ecf37fe250) Importer(815301076,1909f56bfc062723c751e8b465ee728b)
Start importing Assets/Arkham Interactive/Toony/Skies/Textures/BlueSky02_RT.png using Guid(a5e71a13301adb44f81f45ecf37fe250) Importer(815301076,1909f56bfc062723c751e8b465ee728b)  -> (artifact id: 'b1eabdecac12c5b55763612dda974251') in 0.057342 seconds 
========================================================================
Received Import Request.
  Time since last request: 0.000140 seconds.
  path: Assets/Arkham Interactive/Toony/Skies/Textures/BrightMorning01_RT.png
  artifactKey: Guid(1656b50b061160a44a304b8307eb725d) Importer(815301076,1909f56bfc062723c751e8b465ee728b)
Start importing Assets/Arkham Interactive/Toony/Skies/Textures/BrightMorning01_RT.png using Guid(1656b50b061160a44a304b8307eb725d) Importer(815301076,1909f56bfc062723c751e8b465ee728b)  -> (artifact id: 'e07119f79c9d69877c33887937138bd4') in 0.046689 seconds 
========================================================================
Received Import Request.
  Time since last request: 0.000161 seconds.
  path: Assets/Arkham Interactive/Toony/Skies/Textures/BlueSky01_UP.png
  artifactKey: Guid(f8ab40e2e177cc34e8b453c50052db34) Importer(815301076,1909f56bfc062723c751e8b465ee728b)
Start importing Assets/Arkham Interactive/Toony/Skies/Textures/BlueSky01_UP.png using Guid(f8ab40e2e177cc34e8b453c50052db34) Importer(815301076,1909f56bfc062723c751e8b465ee728b)  -> (artifact id: '526d09b1db97132e27c3500c8597b159') in 0.056725 seconds 
========================================================================
Received Import Request.
  Time since last request: 0.000068 seconds.
  path: Assets/Arkham Interactive/Toony/Skies/Textures/BlueSky01_LF.png
  artifactKey: Guid(bdb334489b51a73488d4404335d97c4a) Importer(815301076,1909f56bfc062723c751e8b465ee728b)
Start importing Assets/Arkham Interactive/Toony/Skies/Textures/BlueSky01_LF.png using Guid(bdb334489b51a73488d4404335d97c4a) Importer(815301076,1909f56bfc062723c751e8b465ee728b)  -> (artifact id: 'bfad6c4107ef4d7e2754313d629c6d7a') in 0.059913 seconds 
========================================================================
Received Import Request.
  Time since last request: 0.000065 seconds.
  path: Assets/Arkham Interactive/Toony/Skies/Textures/BrightMorning01_FR.png
  artifactKey: Guid(c0365a31c96ab8846b78de1091befba7) Importer(815301076,1909f56bfc062723c751e8b465ee728b)
Start importing Assets/Arkham Interactive/Toony/Skies/Textures/BrightMorning01_FR.png using Guid(c0365a31c96ab8846b78de1091befba7) Importer(815301076,1909f56bfc062723c751e8b465ee728b)  -> (artifact id: '6f776ecc40213805cffba7c62777f760') in 0.055918 seconds 
========================================================================
Received Import Request.
  Time since last request: 0.000045 seconds.
  path: Assets/Arkham Interactive/Toony/Skies/Textures/GoldenHorizon01_LF.png
  artifactKey: Guid(8a38692fcba609343af21daafdfe7fab) Importer(815301076,1909f56bfc062723c751e8b465ee728b)
Start importing Assets/Arkham Interactive/Toony/Skies/Textures/GoldenHorizon01_LF.png using Guid(8a38692fcba609343af21daafdfe7fab) Importer(815301076,1909f56bfc062723c751e8b465ee728b)  -> (artifact id: 'ea31da23bc895843eb12edfc43544c4a') in 0.069847 seconds 
========================================================================
Received Import Request.
  Time since last request: 0.000081 seconds.
  path: Assets/Arkham Interactive/Toony/Skies/Textures/GoldenHorizon01_RT.png
  artifactKey: Guid(728c75f18436e8b47880f3810e130978) Importer(815301076,1909f56bfc062723c751e8b465ee728b)
Start importing Assets/Arkham Interactive/Toony/Skies/Textures/GoldenHorizon01_RT.png using Guid(728c75f18436e8b47880f3810e130978) Importer(815301076,1909f56bfc062723c751e8b465ee728b)  -> (artifact id: '26469cacfafe38c0978a614859f68922') in 0.078975 seconds 
========================================================================
Received Import Request.
  Time since last request: 0.000099 seconds.
  path: Assets/Arkham Interactive/Toony/Skies/Textures/MoodySunrise01_DN.jpg
  artifactKey: Guid(be9b1d3dcae821746b415b554ba597ec) Importer(815301076,1909f56bfc062723c751e8b465ee728b)
Start importing Assets/Arkham Interactive/Toony/Skies/Textures/MoodySunrise01_DN.jpg using Guid(be9b1d3dcae821746b415b554ba597ec) Importer(815301076,1909f56bfc062723c751e8b465ee728b)  -> (artifact id: 'bcc31c6487eaf4519b7b533cc4360d11') in 0.065017 seconds 
========================================================================
Received Import Request.
  Time since last request: 0.000118 seconds.
  path: Assets/Arkham Interactive/Toony/Skies/Textures/MoodySunrise02_RT.jpg
  artifactKey: Guid(5c4a4777d3831534d8e1a9844e847fea) Importer(815301076,1909f56bfc062723c751e8b465ee728b)
Start importing Assets/Arkham Interactive/Toony/Skies/Textures/MoodySunrise02_RT.jpg using Guid(5c4a4777d3831534d8e1a9844e847fea) Importer(815301076,1909f56bfc062723c751e8b465ee728b)  -> (artifact id: 'a120be1a3539af9bf4a77b72f5e1b913') in 0.073889 seconds 
========================================================================
Received Import Request.
  Time since last request: 0.000055 seconds.
  path: Assets/Arkham Interactive/Toony/Skies/Textures/BlueSky02_UP.png
  artifactKey: Guid(edf3439f8a81d3e4494530a8b83e283b) Importer(815301076,1909f56bfc062723c751e8b465ee728b)
Start importing Assets/Arkham Interactive/Toony/Skies/Textures/BlueSky02_UP.png using Guid(edf3439f8a81d3e4494530a8b83e283b) Importer(815301076,1909f56bfc062723c751e8b465ee728b)  -> (artifact id: '5086763296109fa8d28d81ed7e243b4f') in 0.065812 seconds 
========================================================================
Received Import Request.
  Time since last request: 0.000068 seconds.
  path: Assets/Arkham Interactive/Toony/Skies/Textures/BlueSky01_RT.png
  artifactKey: Guid(b37f4772a3e5f6941a6fb13cd6e0c474) Importer(815301076,1909f56bfc062723c751e8b465ee728b)
Start importing Assets/Arkham Interactive/Toony/Skies/Textures/BlueSky01_RT.png using Guid(b37f4772a3e5f6941a6fb13cd6e0c474) Importer(815301076,1909f56bfc062723c751e8b465ee728b)  -> (artifact id: '2c33ab059b4d579e07ceec1de38c9fbe') in 0.072195 seconds 
========================================================================
Received Import Request.
  Time since last request: 0.000028 seconds.
  path: Assets/Arkham Interactive/Toony/Skies/Textures/MoodySunrise01_BK.jpg
  artifactKey: Guid(daa4e8195677b7649891d802a08ba1a8) Importer(815301076,1909f56bfc062723c751e8b465ee728b)
Start importing Assets/Arkham Interactive/Toony/Skies/Textures/MoodySunrise01_BK.jpg using Guid(daa4e8195677b7649891d802a08ba1a8) Importer(815301076,1909f56bfc062723c751e8b465ee728b)  -> (artifact id: 'b9faa2ee31b0ddba149211f517b18802') in 0.054246 seconds 
========================================================================
Received Import Request.
  Time since last request: 0.000041 seconds.
  path: Assets/Arkham Interactive/Toony/Skies/Textures/BrightMorning01_DN.png
  artifactKey: Guid(2acb60f4766d8f040adac4302f2074db) Importer(815301076,1909f56bfc062723c751e8b465ee728b)
Start importing Assets/Arkham Interactive/Toony/Skies/Textures/BrightMorning01_DN.png using Guid(2acb60f4766d8f040adac4302f2074db) Importer(815301076,1909f56bfc062723c751e8b465ee728b)  -> (artifact id: '0a7e58751f1b02b5a6e2c6d8ee2cfa65') in 0.044818 seconds 
========================================================================
Received Import Request.
  Time since last request: 0.000028 seconds.
  path: Assets/Arkham Interactive/Toony/Skies/Textures/MoodySunrise01_UP.jpg
  artifactKey: Guid(5913ce21f0b8cbb46adaa8ed1c8f6afe) Importer(815301076,1909f56bfc062723c751e8b465ee728b)
Start importing Assets/Arkham Interactive/Toony/Skies/Textures/MoodySunrise01_UP.jpg using Guid(5913ce21f0b8cbb46adaa8ed1c8f6afe) Importer(815301076,1909f56bfc062723c751e8b465ee728b)  -> (artifact id: '02e82624a1ef84f9e6a4c6d1e76ad822') in 0.065646 seconds 
========================================================================
Received Prepare
Registering precompiled user dll's ...
Registered in 0.010743 seconds.
Begin MonoManager ReloadAssembly
Symbol file LoadedFromMemory doesn't match image E:\GitHub\Alice\AliceProject\Library\PackageCache\com.unity.visualscripting@1.8.0\Editor\VisualScripting.Core\Dependencies\YamlDotNet\Unity.VisualScripting.YamlDotNet.dll
Symbol file LoadedFromMemory doesn't match image E:\GitHub\Alice\AliceProject\Library\PackageCache\com.unity.visualscripting@1.8.0\Editor\VisualScripting.Core\Dependencies\DotNetZip\Unity.VisualScripting.IonicZip.dll
Native extension for WindowsStandalone target not found
Refreshing native plugins compatible for Editor in 0.83 ms, found 5 plugins.
Preloading 0 native plugins for Editor in 0.00 ms.
Mono: successfully reloaded assembly
- Completed reload, in  3.179 seconds
Domain Reload Profiling:
	ReloadAssembly (3181ms)
		BeginReloadAssembly (1041ms)
			ExecutionOrderSort (0ms)
			DisableScriptedObjects (34ms)
			BackupInstance (0ms)
			ReleaseScriptingObjects (0ms)
			CreateAndSetChildDomain (205ms)
		EndReloadAssembly (1762ms)
			LoadAssemblies (671ms)
			RebuildTransferFunctionScriptingTraits (0ms)
			SetupTypeCache (842ms)
			ReleaseScriptCaches (2ms)
			RebuildScriptCaches (79ms)
			SetupLoadedEditorAssemblies (555ms)
				LogAssemblyErrors (0ms)
				InitializePlatformSupportModulesInManaged (10ms)
				SetLoadedEditorAssemblies (1ms)
				RefreshPlugins (1ms)
				BeforeProcessingInitializeOnLoad (111ms)
				ProcessInitializeOnLoadAttributes (370ms)
				ProcessInitializeOnLoadMethodAttributes (54ms)
				AfterProcessingInitializeOnLoad (9ms)
				EditorAssembliesLoaded (0ms)
			ExecutionOrderSort2 (0ms)
			AwakeInstancesAfterBackupRestoration (33ms)
Platform modules already initialized, skipping
Refreshing native plugins compatible for Editor in 6.17 ms, found 5 plugins.
Preloading 0 native plugins for Editor in 0.00 ms.
Unloading 3309 Unused Serialized files (Serialized files now loaded: 0)
Unloading 32 unused Assets / (1.3 MB). Loaded Objects now: 3839.
Memory consumption went from 125.8 MB to 124.5 MB.
Total: 7.682100 ms (FindLiveObjects: 0.358500 ms CreateObjectMapping: 0.255000 ms MarkObjects: 6.653900 ms  DeleteObjects: 0.413100 ms)

AssetImportParameters requested are different than current active one (requested -> active):
  custom:video-decoder-ogg-theora: a1e56fd34408186e4bbccfd4996cb3dc -> 
  custom:container-muxer-webm: aa71ff27fc2769a1b78a27578f13a17b -> 
  custom:container-demuxer-webm: 4f35f7cbe854078d1ac9338744f61a02 -> 
  custom:video-encoder-webm-vp8: eb34c28f22e8b96e1ab97ce403110664 -> 
  custom:audio-encoder-webm-vorbis: bf7c407c2cedff20999df2af8eb42d56 -> 
  custom:framework-win-MediaFoundation: 216162199b28c13a410421893ffa2e32 -> 
  custom:container-demuxer-ogg: 62fdf1f143b41e24485cea50d1cbac27 -> 
  custom:video-decoder-webm-vp8: 9c59270c3fd7afecdb556c50c9e8de78 -> 
  custom:audio-decoder-ogg-vorbis: bf7c407c2cedff20999df2af8eb42d56 -> 
========================================================================
Received Import Request.
  Time since last request: 308.139844 seconds.
  path: Assets/Arkham Interactive/Toony/Skies/Materials/BlueSky01.mat
  artifactKey: Guid(bbe5e356a359cf44388ab49e187bb4ce) Importer(815301076,1909f56bfc062723c751e8b465ee728b)
Start importing Assets/Arkham Interactive/Toony/Skies/Materials/BlueSky01.mat using Guid(bbe5e356a359cf44388ab49e187bb4ce) Importer(815301076,1909f56bfc062723c751e8b465ee728b)  -> (artifact id: '230c40ad33afc764d1430cc8fb91f43a') in 0.314228 seconds 
========================================================================
Received Import Request.
  Time since last request: 0.000241 seconds.
  path: Assets/Arkham Interactive/Toony/Skies/Materials/PinkSunset02_CubeMap.mat
  artifactKey: Guid(a6e1db8922926634b918b754a7ef9219) Importer(815301076,1909f56bfc062723c751e8b465ee728b)
Start importing Assets/Arkham Interactive/Toony/Skies/Materials/PinkSunset02_CubeMap.mat using Guid(a6e1db8922926634b918b754a7ef9219) Importer(815301076,1909f56bfc062723c751e8b465ee728b)  -> (artifact id: '49208adb078dfea2dee20e9dcfe2703a') in 0.462638 seconds 
========================================================================
Received Import Request.
  Time since last request: 0.000040 seconds.
  path: Assets/Arkham Interactive/Toony/Skies/Materials/BrightMorning_CubeMap.mat
  artifactKey: Guid(0526090ba9bfbe34293051c3ce2e2200) Importer(815301076,1909f56bfc062723c751e8b465ee728b)
Start importing Assets/Arkham Interactive/Toony/Skies/Materials/BrightMorning_CubeMap.mat using Guid(0526090ba9bfbe34293051c3ce2e2200) Importer(815301076,1909f56bfc062723c751e8b465ee728b)  -> (artifact id: '70693d315968407eab0e6aa4924a332b') in 0.289019 seconds 
========================================================================
Received Import Request.
  Time since last request: 0.000030 seconds.
  path: Assets/Arkham Interactive/Toony/Skies/Materials/BlueSky01_mobile.mat
  artifactKey: Guid(7f547ad3941a8e44ab2ed5a5f6315254) Importer(815301076,1909f56bfc062723c751e8b465ee728b)
Start importing Assets/Arkham Interactive/Toony/Skies/Materials/BlueSky01_mobile.mat using Guid(7f547ad3941a8e44ab2ed5a5f6315254) Importer(815301076,1909f56bfc062723c751e8b465ee728b)  -> (artifact id: '4967cbfb19cf4a4dc53edc9d64e21876') in 0.462804 seconds 
========================================================================
Received Import Request.
  Time since last request: 0.000041 seconds.
  path: Assets/Arkham Interactive/Toony/Skies/Materials/MoodySunrise01.mat
  artifactKey: Guid(13d7303f58d363744860f2acc819e499) Importer(815301076,1909f56bfc062723c751e8b465ee728b)
Start importing Assets/Arkham Interactive/Toony/Skies/Materials/MoodySunrise01.mat using Guid(13d7303f58d363744860f2acc819e499) Importer(815301076,1909f56bfc062723c751e8b465ee728b)  -> (artifact id: '4c38f8f8d6bb7ebd5b8cc8fa459c01cf') in 0.086947 seconds 
========================================================================
Received Import Request.
  Time since last request: 0.000030 seconds.
  path: Assets/Arkham Interactive/Toony/Skies/Materials/PinkSunset01_CubeMap.mat
  artifactKey: Guid(5f020138c24c54e4dba0c378642cd7d3) Importer(815301076,1909f56bfc062723c751e8b465ee728b)
Start importing Assets/Arkham Interactive/Toony/Skies/Materials/PinkSunset01_CubeMap.mat using Guid(5f020138c24c54e4dba0c378642cd7d3) Importer(815301076,1909f56bfc062723c751e8b465ee728b)  -> (artifact id: 'a9790701610b6859fabb8d244d354b10') in 0.263338 seconds 
========================================================================
Received Import Request.
  Time since last request: 0.000139 seconds.
  path: Assets/Arkham Interactive/Toony/Skies/Materials/MoodySunrise01_mobile.mat
  artifactKey: Guid(f0848ebbc83114347a69bff5300ed5bd) Importer(815301076,1909f56bfc062723c751e8b465ee728b)
Start importing Assets/Arkham Interactive/Toony/Skies/Materials/MoodySunrise01_mobile.mat using Guid(f0848ebbc83114347a69bff5300ed5bd) Importer(815301076,1909f56bfc062723c751e8b465ee728b)  -> (artifact id: '763c73ea3a8902cff907036116bb1a64') in 0.079653 seconds 
========================================================================
Received Import Request.
  Time since last request: 0.000088 seconds.
  path: Assets/Arkham Interactive/Toony/Skies/Materials/MoodySunrise02_CubeMap.mat
  artifactKey: Guid(2d072d75c20414144bfb2d48419d2132) Importer(815301076,1909f56bfc062723c751e8b465ee728b)
Start importing Assets/Arkham Interactive/Toony/Skies/Materials/MoodySunrise02_CubeMap.mat using Guid(2d072d75c20414144bfb2d48419d2132) Importer(815301076,1909f56bfc062723c751e8b465ee728b)  -> (artifact id: '2345f4c035474a4bc0ec61a0485a904a') in 0.301849 seconds 
========================================================================
Received Import Request.
  Time since last request: 0.000171 seconds.
  path: Assets/Arkham Interactive/Toony/Skies/Materials/StormySky_CubeMap.mat
  artifactKey: Guid(78057f0976241154f988a2035905fc72) Importer(815301076,1909f56bfc062723c751e8b465ee728b)
Start importing Assets/Arkham Interactive/Toony/Skies/Materials/StormySky_CubeMap.mat using Guid(78057f0976241154f988a2035905fc72) Importer(815301076,1909f56bfc062723c751e8b465ee728b)  -> (artifact id: 'f4e781aa53c3e0e2026f66b2f1e8d676') in 0.378219 seconds 
========================================================================
Received Import Request.
  Time since last request: 0.000075 seconds.
  path: Assets/Arkham Interactive/Toony/Skies/Materials/BrightMorning.mat
  artifactKey: Guid(8382abc3a94345740ad657962381421d) Importer(815301076,1909f56bfc062723c751e8b465ee728b)
Start importing Assets/Arkham Interactive/Toony/Skies/Materials/BrightMorning.mat using Guid(8382abc3a94345740ad657962381421d) Importer(815301076,1909f56bfc062723c751e8b465ee728b)  -> (artifact id: '0fa9efaad6c184caaf2a64a4b50cf8dc') in 0.052242 seconds 
========================================================================
Received Import Request.
  Time since last request: 0.000031 seconds.
  path: Assets/Arkham Interactive/Toony/Skies/Materials/MoodySunrise01_CubeMap.mat
  artifactKey: Guid(66016ac478f437349aa079e42aad2152) Importer(815301076,1909f56bfc062723c751e8b465ee728b)
Start importing Assets/Arkham Interactive/Toony/Skies/Materials/MoodySunrise01_CubeMap.mat using Guid(66016ac478f437349aa079e42aad2152) Importer(815301076,1909f56bfc062723c751e8b465ee728b)  -> (artifact id: '1277c58e6d55421190346efd202e1dad') in 0.290444 seconds 
========================================================================
Received Import Request.
  Time since last request: 651.430766 seconds.
  path: Assets/Vast Outer Space/EXAMPLE/Demo_Scene_A.unity
  artifactKey: Guid(6c9e50774c896fd43a6fef673b9fd9df) Importer(815301076,1909f56bfc062723c751e8b465ee728b)
Start importing Assets/Vast Outer Space/EXAMPLE/Demo_Scene_A.unity using Guid(6c9e50774c896fd43a6fef673b9fd9df) Importer(815301076,1909f56bfc062723c751e8b465ee728b)  -> (artifact id: 'dd90559f690e4853ff505a5f97d72318') in 0.029510 seconds 
========================================================================
Received Prepare
Registering precompiled user dll's ...
Registered in 0.013076 seconds.
Begin MonoManager ReloadAssembly
Symbol file LoadedFromMemory doesn't match image E:\GitHub\Alice\AliceProject\Library\PackageCache\com.unity.visualscripting@1.8.0\Editor\VisualScripting.Core\Dependencies\YamlDotNet\Unity.VisualScripting.YamlDotNet.dll
Symbol file LoadedFromMemory doesn't match image E:\GitHub\Alice\AliceProject\Library\PackageCache\com.unity.visualscripting@1.8.0\Editor\VisualScripting.Core\Dependencies\DotNetZip\Unity.VisualScripting.IonicZip.dll
Native extension for WindowsStandalone target not found
Refreshing native plugins compatible for Editor in 0.92 ms, found 5 plugins.
Preloading 0 native plugins for Editor in 0.00 ms.
Mono: successfully reloaded assembly
- Completed reload, in  4.438 seconds
Domain Reload Profiling:
	ReloadAssembly (4442ms)
		BeginReloadAssembly (1909ms)
			ExecutionOrderSort (0ms)
			DisableScriptedObjects (59ms)
			BackupInstance (0ms)
			ReleaseScriptingObjects (1ms)
			CreateAndSetChildDomain (636ms)
		EndReloadAssembly (1855ms)
			LoadAssemblies (999ms)
			RebuildTransferFunctionScriptingTraits (0ms)
			SetupTypeCache (974ms)
			ReleaseScriptCaches (2ms)
			RebuildScriptCaches (87ms)
			SetupLoadedEditorAssemblies (481ms)
				LogAssemblyErrors (0ms)
				InitializePlatformSupportModulesInManaged (8ms)
				SetLoadedEditorAssemblies (1ms)
				RefreshPlugins (1ms)
				BeforeProcessingInitializeOnLoad (113ms)
				ProcessInitializeOnLoadAttributes (324ms)
				ProcessInitializeOnLoadMethodAttributes (29ms)
				AfterProcessingInitializeOnLoad (5ms)
				EditorAssembliesLoaded (0ms)
			ExecutionOrderSort2 (0ms)
			AwakeInstancesAfterBackupRestoration (27ms)
Platform modules already initialized, skipping
Refreshing native plugins compatible for Editor in 7.94 ms, found 5 plugins.
Preloading 0 native plugins for Editor in 0.00 ms.
Unloading 3309 Unused Serialized files (Serialized files now loaded: 0)
Unloading 32 unused Assets / (1.3 MB). Loaded Objects now: 3854.
Memory consumption went from 128.1 MB to 126.8 MB.
Total: 6.452600 ms (FindLiveObjects: 0.668300 ms CreateObjectMapping: 0.534100 ms MarkObjects: 4.900900 ms  DeleteObjects: 0.347800 ms)

AssetImportParameters requested are different than current active one (requested -> active):
  custom:video-decoder-ogg-theora: a1e56fd34408186e4bbccfd4996cb3dc -> 
  custom:container-muxer-webm: aa71ff27fc2769a1b78a27578f13a17b -> 
  custom:container-demuxer-webm: 4f35f7cbe854078d1ac9338744f61a02 -> 
  custom:video-encoder-webm-vp8: eb34c28f22e8b96e1ab97ce403110664 -> 
  custom:audio-encoder-webm-vorbis: bf7c407c2cedff20999df2af8eb42d56 -> 
  custom:framework-win-MediaFoundation: 216162199b28c13a410421893ffa2e32 -> 
  custom:container-demuxer-ogg: 62fdf1f143b41e24485cea50d1cbac27 -> 
  custom:video-decoder-webm-vp8: 9c59270c3fd7afecdb556c50c9e8de78 -> 
  custom:audio-decoder-ogg-vorbis: bf7c407c2cedff20999df2af8eb42d56 -> 
========================================================================
Received Prepare
Registering precompiled user dll's ...
Registered in 0.009606 seconds.
Begin MonoManager ReloadAssembly
Symbol file LoadedFromMemory doesn't match image E:\GitHub\Alice\AliceProject\Library\PackageCache\com.unity.visualscripting@1.8.0\Editor\VisualScripting.Core\Dependencies\YamlDotNet\Unity.VisualScripting.YamlDotNet.dll
Symbol file LoadedFromMemory doesn't match image E:\GitHub\Alice\AliceProject\Library\PackageCache\com.unity.visualscripting@1.8.0\Editor\VisualScripting.Core\Dependencies\DotNetZip\Unity.VisualScripting.IonicZip.dll
Native extension for WindowsStandalone target not found
Refreshing native plugins compatible for Editor in 0.96 ms, found 5 plugins.
Preloading 0 native plugins for Editor in 0.00 ms.
Mono: successfully reloaded assembly
- Completed reload, in  6.779 seconds
Domain Reload Profiling:
	ReloadAssembly (6782ms)
		BeginReloadAssembly (2110ms)
			ExecutionOrderSort (0ms)
			DisableScriptedObjects (15ms)
			BackupInstance (0ms)
			ReleaseScriptingObjects (0ms)
			CreateAndSetChildDomain (137ms)
		EndReloadAssembly (3055ms)
			LoadAssemblies (2386ms)
			RebuildTransferFunctionScriptingTraits (0ms)
			SetupTypeCache (1284ms)
			ReleaseScriptCaches (4ms)
			RebuildScriptCaches (265ms)
			SetupLoadedEditorAssemblies (576ms)
				LogAssemblyErrors (0ms)
				InitializePlatformSupportModulesInManaged (8ms)
				SetLoadedEditorAssemblies (1ms)
				RefreshPlugins (1ms)
				BeforeProcessingInitializeOnLoad (138ms)
				ProcessInitializeOnLoadAttributes (381ms)
				ProcessInitializeOnLoadMethodAttributes (42ms)
				AfterProcessingInitializeOnLoad (5ms)
				EditorAssembliesLoaded (0ms)
			ExecutionOrderSort2 (0ms)
			AwakeInstancesAfterBackupRestoration (29ms)
Platform modules already initialized, skipping
Refreshing native plugins compatible for Editor in 3.83 ms, found 5 plugins.
Preloading 0 native plugins for Editor in 0.00 ms.
Unloading 3309 Unused Serialized files (Serialized files now loaded: 0)
Unloading 32 unused Assets / (1.3 MB). Loaded Objects now: 3857.
Memory consumption went from 128.1 MB to 126.8 MB.
Total: 6.754700 ms (FindLiveObjects: 0.375600 ms CreateObjectMapping: 0.233900 ms MarkObjects: 5.784200 ms  DeleteObjects: 0.359300 ms)

AssetImportParameters requested are different than current active one (requested -> active):
  custom:video-decoder-ogg-theora: a1e56fd34408186e4bbccfd4996cb3dc -> 
  custom:container-muxer-webm: aa71ff27fc2769a1b78a27578f13a17b -> 
  custom:container-demuxer-webm: 4f35f7cbe854078d1ac9338744f61a02 -> 
  custom:video-encoder-webm-vp8: eb34c28f22e8b96e1ab97ce403110664 -> 
  custom:audio-encoder-webm-vorbis: bf7c407c2cedff20999df2af8eb42d56 -> 
  custom:framework-win-MediaFoundation: 216162199b28c13a410421893ffa2e32 -> 
  custom:container-demuxer-ogg: 62fdf1f143b41e24485cea50d1cbac27 -> 
  custom:video-decoder-webm-vp8: 9c59270c3fd7afecdb556c50c9e8de78 -> 
  custom:audio-decoder-ogg-vorbis: bf7c407c2cedff20999df2af8eb42d56 -> 
========================================================================
Received Import Request.
  Time since last request: 40.982886 seconds.
  path: Assets/Vast Outer Space/EXAMPLE/Demo_Scene_C.unity
  artifactKey: Guid(66acf3148a086bd44b36a4231684bf85) Importer(815301076,1909f56bfc062723c751e8b465ee728b)
Start importing Assets/Vast Outer Space/EXAMPLE/Demo_Scene_C.unity using Guid(66acf3148a086bd44b36a4231684bf85) Importer(815301076,1909f56bfc062723c751e8b465ee728b)  -> (artifact id: 'd96a0b2305599b602ddbad2a31636f55') in 0.016177 seconds 
========================================================================
Received Import Request.
  Time since last request: 0.763541 seconds.
  path: Assets/Vast Outer Space/EXAMPLE/Demo_Scene_D.unity
  artifactKey: Guid(bf4062ff488c37f4781e88f218b8039e) Importer(815301076,1909f56bfc062723c751e8b465ee728b)
Start importing Assets/Vast Outer Space/EXAMPLE/Demo_Scene_D.unity using Guid(bf4062ff488c37f4781e88f218b8039e) Importer(815301076,1909f56bfc062723c751e8b465ee728b)  -> (artifact id: '7ae8301d3ce2d824da2a1cb2c65970ba') in 0.028430 seconds 
========================================================================
Received Prepare
Registering precompiled user dll's ...
Registered in 0.011123 seconds.
Begin MonoManager ReloadAssembly
Symbol file LoadedFromMemory doesn't match image E:\GitHub\Alice\AliceProject\Library\PackageCache\com.unity.visualscripting@1.8.0\Editor\VisualScripting.Core\Dependencies\YamlDotNet\Unity.VisualScripting.YamlDotNet.dll
Symbol file LoadedFromMemory doesn't match image E:\GitHub\Alice\AliceProject\Library\PackageCache\com.unity.visualscripting@1.8.0\Editor\VisualScripting.Core\Dependencies\DotNetZip\Unity.VisualScripting.IonicZip.dll
Native extension for WindowsStandalone target not found
Refreshing native plugins compatible for Editor in 0.95 ms, found 5 plugins.
Preloading 0 native plugins for Editor in 0.00 ms.
Mono: successfully reloaded assembly
- Completed reload, in  5.090 seconds
Domain Reload Profiling:
	ReloadAssembly (5092ms)
		BeginReloadAssembly (760ms)
			ExecutionOrderSort (0ms)
			DisableScriptedObjects (18ms)
			BackupInstance (0ms)
			ReleaseScriptingObjects (0ms)
			CreateAndSetChildDomain (117ms)
		EndReloadAssembly (3402ms)
			LoadAssemblies (890ms)
			RebuildTransferFunctionScriptingTraits (0ms)
			SetupTypeCache (1758ms)
			ReleaseScriptCaches (2ms)
			RebuildScriptCaches (98ms)
			SetupLoadedEditorAssemblies (980ms)
				LogAssemblyErrors (0ms)
				InitializePlatformSupportModulesInManaged (9ms)
				SetLoadedEditorAssemblies (1ms)
				RefreshPlugins (1ms)
				BeforeProcessingInitializeOnLoad (193ms)
				ProcessInitializeOnLoadAttributes (729ms)
				ProcessInitializeOnLoadMethodAttributes (41ms)
				AfterProcessingInitializeOnLoad (6ms)
				EditorAssembliesLoaded (0ms)
			ExecutionOrderSort2 (0ms)
			AwakeInstancesAfterBackupRestoration (34ms)
Platform modules already initialized, skipping
Refreshing native plugins compatible for Editor in 5.53 ms, found 5 plugins.
Preloading 0 native plugins for Editor in 0.00 ms.
Unloading 3309 Unused Serialized files (Serialized files now loaded: 0)
Unloading 32 unused Assets / (1.3 MB). Loaded Objects now: 3860.
Memory consumption went from 128.1 MB to 126.8 MB.
Total: 5.438000 ms (FindLiveObjects: 0.408400 ms CreateObjectMapping: 0.221200 ms MarkObjects: 4.472700 ms  DeleteObjects: 0.334400 ms)

AssetImportParameters requested are different than current active one (requested -> active):
  custom:video-decoder-ogg-theora: a1e56fd34408186e4bbccfd4996cb3dc -> 
  custom:container-muxer-webm: aa71ff27fc2769a1b78a27578f13a17b -> 
  custom:container-demuxer-webm: 4f35f7cbe854078d1ac9338744f61a02 -> 
  custom:video-encoder-webm-vp8: eb34c28f22e8b96e1ab97ce403110664 -> 
  custom:audio-encoder-webm-vorbis: bf7c407c2cedff20999df2af8eb42d56 -> 
  custom:framework-win-MediaFoundation: 216162199b28c13a410421893ffa2e32 -> 
  custom:container-demuxer-ogg: 62fdf1f143b41e24485cea50d1cbac27 -> 
  custom:video-decoder-webm-vp8: 9c59270c3fd7afecdb556c50c9e8de78 -> 
  custom:audio-decoder-ogg-vorbis: bf7c407c2cedff20999df2af8eb42d56 -> 
========================================================================
Received Prepare
Registering precompiled user dll's ...
Registered in 0.010032 seconds.
Begin MonoManager ReloadAssembly
Symbol file LoadedFromMemory doesn't match image E:\GitHub\Alice\AliceProject\Library\PackageCache\com.unity.visualscripting@1.8.0\Editor\VisualScripting.Core\Dependencies\YamlDotNet\Unity.VisualScripting.YamlDotNet.dll
Symbol file LoadedFromMemory doesn't match image E:\GitHub\Alice\AliceProject\Library\PackageCache\com.unity.visualscripting@1.8.0\Editor\VisualScripting.Core\Dependencies\DotNetZip\Unity.VisualScripting.IonicZip.dll
Native extension for WindowsStandalone target not found
Refreshing native plugins compatible for Editor in 1.56 ms, found 5 plugins.
Preloading 0 native plugins for Editor in 0.00 ms.
Mono: successfully reloaded assembly
- Completed reload, in  3.627 seconds
Domain Reload Profiling:
	ReloadAssembly (3629ms)
		BeginReloadAssembly (377ms)
			ExecutionOrderSort (0ms)
			DisableScriptedObjects (10ms)
			BackupInstance (0ms)
			ReleaseScriptingObjects (0ms)
			CreateAndSetChildDomain (66ms)
		EndReloadAssembly (2774ms)
			LoadAssemblies (498ms)
			RebuildTransferFunctionScriptingTraits (0ms)
			SetupTypeCache (1351ms)
			ReleaseScriptCaches (2ms)
			RebuildScriptCaches (148ms)
			SetupLoadedEditorAssemblies (707ms)
				LogAssemblyErrors (0ms)
				InitializePlatformSupportModulesInManaged (19ms)
				SetLoadedEditorAssemblies (1ms)
				RefreshPlugins (2ms)
				BeforeProcessingInitializeOnLoad (226ms)
				ProcessInitializeOnLoadAttributes (418ms)
				ProcessInitializeOnLoadMethodAttributes (35ms)
				AfterProcessingInitializeOnLoad (6ms)
				EditorAssembliesLoaded (0ms)
			ExecutionOrderSort2 (0ms)
			AwakeInstancesAfterBackupRestoration (27ms)
Platform modules already initialized, skipping
Refreshing native plugins compatible for Editor in 3.25 ms, found 5 plugins.
Preloading 0 native plugins for Editor in 0.00 ms.
Unloading 3309 Unused Serialized files (Serialized files now loaded: 0)
Unloading 32 unused Assets / (1.3 MB). Loaded Objects now: 3863.
Memory consumption went from 128.1 MB to 126.8 MB.
Total: 5.869800 ms (FindLiveObjects: 0.322500 ms CreateObjectMapping: 0.191600 ms MarkObjects: 5.013200 ms  DeleteObjects: 0.340700 ms)

AssetImportParameters requested are different than current active one (requested -> active):
  custom:video-decoder-ogg-theora: a1e56fd34408186e4bbccfd4996cb3dc -> 
  custom:container-muxer-webm: aa71ff27fc2769a1b78a27578f13a17b -> 
  custom:container-demuxer-webm: 4f35f7cbe854078d1ac9338744f61a02 -> 
  custom:video-encoder-webm-vp8: eb34c28f22e8b96e1ab97ce403110664 -> 
  custom:audio-encoder-webm-vorbis: bf7c407c2cedff20999df2af8eb42d56 -> 
  custom:framework-win-MediaFoundation: 216162199b28c13a410421893ffa2e32 -> 
  custom:container-demuxer-ogg: 62fdf1f143b41e24485cea50d1cbac27 -> 
  custom:video-decoder-webm-vp8: 9c59270c3fd7afecdb556c50c9e8de78 -> 
  custom:audio-decoder-ogg-vorbis: bf7c407c2cedff20999df2af8eb42d56 -> 
========================================================================
Received Import Request.
  Time since last request: 298.871911 seconds.
  path: Assets/Scripts/SkyBoxScript.cs
  artifactKey: Guid(c43a507c047717d4394ccd733d856c1a) Importer(815301076,1909f56bfc062723c751e8b465ee728b)
Start importing Assets/Scripts/SkyBoxScript.cs using Guid(c43a507c047717d4394ccd733d856c1a) Importer(815301076,1909f56bfc062723c751e8b465ee728b)  -> (artifact id: '39bda1d80030219335926d8b919ce1ce') in 0.087054 seconds 
========================================================================
Received Prepare
Registering precompiled user dll's ...
Registered in 0.066701 seconds.
Begin MonoManager ReloadAssembly
Symbol file LoadedFromMemory doesn't match image E:\GitHub\Alice\AliceProject\Library\PackageCache\com.unity.visualscripting@1.8.0\Editor\VisualScripting.Core\Dependencies\YamlDotNet\Unity.VisualScripting.YamlDotNet.dll
Symbol file LoadedFromMemory doesn't match image E:\GitHub\Alice\AliceProject\Library\PackageCache\com.unity.visualscripting@1.8.0\Editor\VisualScripting.Core\Dependencies\DotNetZip\Unity.VisualScripting.IonicZip.dll
Native extension for WindowsStandalone target not found
Refreshing native plugins compatible for Editor in 3.60 ms, found 5 plugins.
Preloading 0 native plugins for Editor in 0.00 ms.
Mono: successfully reloaded assembly
- Completed reload, in  9.008 seconds
Domain Reload Profiling:
	ReloadAssembly (9016ms)
		BeginReloadAssembly (1430ms)
			ExecutionOrderSort (0ms)
			DisableScriptedObjects (60ms)
			BackupInstance (0ms)
			ReleaseScriptingObjects (0ms)
			CreateAndSetChildDomain (445ms)
		EndReloadAssembly (6418ms)
			LoadAssemblies (688ms)
			RebuildTransferFunctionScriptingTraits (0ms)
			SetupTypeCache (3035ms)
			ReleaseScriptCaches (5ms)
			RebuildScriptCaches (243ms)
			SetupLoadedEditorAssemblies (2492ms)
				LogAssemblyErrors (0ms)
				InitializePlatformSupportModulesInManaged (44ms)
				SetLoadedEditorAssemblies (9ms)
				RefreshPlugins (4ms)
				BeforeProcessingInitializeOnLoad (690ms)
				ProcessInitializeOnLoadAttributes (1643ms)
				ProcessInitializeOnLoadMethodAttributes (95ms)
				AfterProcessingInitializeOnLoad (7ms)
				EditorAssembliesLoaded (0ms)
			ExecutionOrderSort2 (0ms)
			AwakeInstancesAfterBackupRestoration (70ms)
Platform modules already initialized, skipping
Refreshing native plugins compatible for Editor in 9.95 ms, found 5 plugins.
Preloading 0 native plugins for Editor in 0.00 ms.
Unloading 3310 Unused Serialized files (Serialized files now loaded: 0)
Unloading 32 unused Assets / (1.3 MB). Loaded Objects now: 3867.
Memory consumption went from 128.1 MB to 126.8 MB.
Total: 5.646700 ms (FindLiveObjects: 0.351000 ms CreateObjectMapping: 0.242700 ms MarkObjects: 4.545800 ms  DeleteObjects: 0.505300 ms)

AssetImportParameters requested are different than current active one (requested -> active):
  custom:video-decoder-ogg-theora: a1e56fd34408186e4bbccfd4996cb3dc -> 
  custom:container-muxer-webm: aa71ff27fc2769a1b78a27578f13a17b -> 
  custom:container-demuxer-webm: 4f35f7cbe854078d1ac9338744f61a02 -> 
  custom:video-encoder-webm-vp8: eb34c28f22e8b96e1ab97ce403110664 -> 
  custom:audio-encoder-webm-vorbis: bf7c407c2cedff20999df2af8eb42d56 -> 
  custom:framework-win-MediaFoundation: 216162199b28c13a410421893ffa2e32 -> 
  custom:container-demuxer-ogg: 62fdf1f143b41e24485cea50d1cbac27 -> 
  custom:video-decoder-webm-vp8: 9c59270c3fd7afecdb556c50c9e8de78 -> 
  custom:audio-decoder-ogg-vorbis: bf7c407c2cedff20999df2af8eb42d56 -> 
========================================================================
Received Import Request.
  Time since last request: 754.321389 seconds.
  path: Assets/Scripts/SkyBoxScript.cs
  artifactKey: Guid(c43a507c047717d4394ccd733d856c1a) Importer(815301076,1909f56bfc062723c751e8b465ee728b)
Start importing Assets/Scripts/SkyBoxScript.cs using Guid(c43a507c047717d4394ccd733d856c1a) Importer(815301076,1909f56bfc062723c751e8b465ee728b)  -> (artifact id: 'b809f1610a1740d8a1c59e01ddd73445') in 0.190866 seconds 
========================================================================
Received Prepare
Registering precompiled user dll's ...
Registered in 0.020808 seconds.
Begin MonoManager ReloadAssembly
Symbol file LoadedFromMemory doesn't match image E:\GitHub\Alice\AliceProject\Library\PackageCache\com.unity.visualscripting@1.8.0\Editor\VisualScripting.Core\Dependencies\YamlDotNet\Unity.VisualScripting.YamlDotNet.dll
Symbol file LoadedFromMemory doesn't match image E:\GitHub\Alice\AliceProject\Library\PackageCache\com.unity.visualscripting@1.8.0\Editor\VisualScripting.Core\Dependencies\DotNetZip\Unity.VisualScripting.IonicZip.dll
Native extension for WindowsStandalone target not found
Refreshing native plugins compatible for Editor in 1.72 ms, found 5 plugins.
Preloading 0 native plugins for Editor in 0.00 ms.
Mono: successfully reloaded assembly
- Completed reload, in  2.797 seconds
Domain Reload Profiling:
	ReloadAssembly (2804ms)
		BeginReloadAssembly (900ms)
			ExecutionOrderSort (0ms)
			DisableScriptedObjects (54ms)
			BackupInstance (0ms)
			ReleaseScriptingObjects (0ms)
			CreateAndSetChildDomain (221ms)
		EndReloadAssembly (1667ms)
			LoadAssemblies (429ms)
			RebuildTransferFunctionScriptingTraits (0ms)
			SetupTypeCache (648ms)
			ReleaseScriptCaches (2ms)
			RebuildScriptCaches (99ms)
			SetupLoadedEditorAssemblies (629ms)
				LogAssemblyErrors (0ms)
				InitializePlatformSupportModulesInManaged (8ms)
				SetLoadedEditorAssemblies (1ms)
				RefreshPlugins (2ms)
				BeforeProcessingInitializeOnLoad (115ms)
				ProcessInitializeOnLoadAttributes (451ms)
				ProcessInitializeOnLoadMethodAttributes (40ms)
				AfterProcessingInitializeOnLoad (11ms)
				EditorAssembliesLoaded (0ms)
			ExecutionOrderSort2 (0ms)
			AwakeInstancesAfterBackupRestoration (34ms)
Platform modules already initialized, skipping
Refreshing native plugins compatible for Editor in 5.37 ms, found 5 plugins.
Preloading 0 native plugins for Editor in 0.00 ms.
Unloading 3310 Unused Serialized files (Serialized files now loaded: 0)
Unloading 32 unused Assets / (1.3 MB). Loaded Objects now: 3870.
Memory consumption went from 128.1 MB to 126.8 MB.
Total: 10.557800 ms (FindLiveObjects: 0.554300 ms CreateObjectMapping: 0.325500 ms MarkObjects: 9.006100 ms  DeleteObjects: 0.670500 ms)

AssetImportParameters requested are different than current active one (requested -> active):
  custom:video-decoder-ogg-theora: a1e56fd34408186e4bbccfd4996cb3dc -> 
  custom:container-muxer-webm: aa71ff27fc2769a1b78a27578f13a17b -> 
  custom:container-demuxer-webm: 4f35f7cbe854078d1ac9338744f61a02 -> 
  custom:video-encoder-webm-vp8: eb34c28f22e8b96e1ab97ce403110664 -> 
  custom:audio-encoder-webm-vorbis: bf7c407c2cedff20999df2af8eb42d56 -> 
  custom:framework-win-MediaFoundation: 216162199b28c13a410421893ffa2e32 -> 
  custom:container-demuxer-ogg: 62fdf1f143b41e24485cea50d1cbac27 -> 
  custom:video-decoder-webm-vp8: 9c59270c3fd7afecdb556c50c9e8de78 -> 
  custom:audio-decoder-ogg-vorbis: bf7c407c2cedff20999df2af8eb42d56 -> 
========================================================================
Received Prepare
Registering precompiled user dll's ...
Registered in 0.011184 seconds.
Begin MonoManager ReloadAssembly
Symbol file LoadedFromMemory doesn't match image E:\GitHub\Alice\AliceProject\Library\PackageCache\com.unity.visualscripting@1.8.0\Editor\VisualScripting.Core\Dependencies\YamlDotNet\Unity.VisualScripting.YamlDotNet.dll
Symbol file LoadedFromMemory doesn't match image E:\GitHub\Alice\AliceProject\Library\PackageCache\com.unity.visualscripting@1.8.0\Editor\VisualScripting.Core\Dependencies\DotNetZip\Unity.VisualScripting.IonicZip.dll
Native extension for WindowsStandalone target not found
Refreshing native plugins compatible for Editor in 0.82 ms, found 5 plugins.
Preloading 0 native plugins for Editor in 0.00 ms.
Mono: successfully reloaded assembly
- Completed reload, in  1.916 seconds
Domain Reload Profiling:
	ReloadAssembly (1918ms)
		BeginReloadAssembly (290ms)
			ExecutionOrderSort (0ms)
			DisableScriptedObjects (10ms)
			BackupInstance (0ms)
			ReleaseScriptingObjects (0ms)
			CreateAndSetChildDomain (57ms)
		EndReloadAssembly (1447ms)
			LoadAssemblies (239ms)
			RebuildTransferFunctionScriptingTraits (0ms)
			SetupTypeCache (563ms)
			ReleaseScriptCaches (2ms)
			RebuildScriptCaches (77ms)
			SetupLoadedEditorAssemblies (555ms)
				LogAssemblyErrors (0ms)
				InitializePlatformSupportModulesInManaged (7ms)
				SetLoadedEditorAssemblies (1ms)
				RefreshPlugins (1ms)
				BeforeProcessingInitializeOnLoad (109ms)
				ProcessInitializeOnLoadAttributes (396ms)
				ProcessInitializeOnLoadMethodAttributes (36ms)
				AfterProcessingInitializeOnLoad (5ms)
				EditorAssembliesLoaded (0ms)
			ExecutionOrderSort2 (0ms)
			AwakeInstancesAfterBackupRestoration (27ms)
Platform modules already initialized, skipping
Refreshing native plugins compatible for Editor in 3.25 ms, found 5 plugins.
Preloading 0 native plugins for Editor in 0.00 ms.
Unloading 3310 Unused Serialized files (Serialized files now loaded: 0)
Unloading 32 unused Assets / (1.3 MB). Loaded Objects now: 3873.
Memory consumption went from 128.1 MB to 126.8 MB.
Total: 3.708100 ms (FindLiveObjects: 0.329500 ms CreateObjectMapping: 0.205800 ms MarkObjects: 2.808100 ms  DeleteObjects: 0.363700 ms)

AssetImportParameters requested are different than current active one (requested -> active):
  custom:video-decoder-ogg-theora: a1e56fd34408186e4bbccfd4996cb3dc -> 
  custom:container-muxer-webm: aa71ff27fc2769a1b78a27578f13a17b -> 
  custom:container-demuxer-webm: 4f35f7cbe854078d1ac9338744f61a02 -> 
  custom:video-encoder-webm-vp8: eb34c28f22e8b96e1ab97ce403110664 -> 
  custom:audio-encoder-webm-vorbis: bf7c407c2cedff20999df2af8eb42d56 -> 
  custom:framework-win-MediaFoundation: 216162199b28c13a410421893ffa2e32 -> 
  custom:container-demuxer-ogg: 62fdf1f143b41e24485cea50d1cbac27 -> 
  custom:video-decoder-webm-vp8: 9c59270c3fd7afecdb556c50c9e8de78 -> 
  custom:audio-decoder-ogg-vorbis: bf7c407c2cedff20999df2af8eb42d56 -> 
========================================================================
Received Import Request.
  Time since last request: 61.428094 seconds.
  path: Assets/Scripts/SkyBoxScript.cs
  artifactKey: Guid(c43a507c047717d4394ccd733d856c1a) Importer(815301076,1909f56bfc062723c751e8b465ee728b)
Start importing Assets/Scripts/SkyBoxScript.cs using Guid(c43a507c047717d4394ccd733d856c1a) Importer(815301076,1909f56bfc062723c751e8b465ee728b)  -> (artifact id: '37dbbce973debd53cb37425896d3a8bf') in 0.021258 seconds 
========================================================================
Received Prepare
Registering precompiled user dll's ...
Registered in 0.010320 seconds.
Begin MonoManager ReloadAssembly
Symbol file LoadedFromMemory doesn't match image E:\GitHub\Alice\AliceProject\Library\PackageCache\com.unity.visualscripting@1.8.0\Editor\VisualScripting.Core\Dependencies\YamlDotNet\Unity.VisualScripting.YamlDotNet.dll
Symbol file LoadedFromMemory doesn't match image E:\GitHub\Alice\AliceProject\Library\PackageCache\com.unity.visualscripting@1.8.0\Editor\VisualScripting.Core\Dependencies\DotNetZip\Unity.VisualScripting.IonicZip.dll
Native extension for WindowsStandalone target not found
Refreshing native plugins compatible for Editor in 0.90 ms, found 5 plugins.
Preloading 0 native plugins for Editor in 0.00 ms.
Mono: successfully reloaded assembly
- Completed reload, in  1.961 seconds
Domain Reload Profiling:
	ReloadAssembly (1962ms)
		BeginReloadAssembly (300ms)
			ExecutionOrderSort (0ms)
			DisableScriptedObjects (10ms)
			BackupInstance (0ms)
			ReleaseScriptingObjects (0ms)
			CreateAndSetChildDomain (52ms)
		EndReloadAssembly (1392ms)
			LoadAssemblies (302ms)
			RebuildTransferFunctionScriptingTraits (0ms)
			SetupTypeCache (497ms)
			ReleaseScriptCaches (1ms)
			RebuildScriptCaches (66ms)
			SetupLoadedEditorAssemblies (531ms)
				LogAssemblyErrors (0ms)
				InitializePlatformSupportModulesInManaged (7ms)
				SetLoadedEditorAssemblies (1ms)
				RefreshPlugins (1ms)
				BeforeProcessingInitializeOnLoad (107ms)
				ProcessInitializeOnLoadAttributes (378ms)
				ProcessInitializeOnLoadMethodAttributes (30ms)
				AfterProcessingInitializeOnLoad (7ms)
				EditorAssembliesLoaded (0ms)
			ExecutionOrderSort2 (0ms)
			AwakeInstancesAfterBackupRestoration (28ms)
Platform modules already initialized, skipping
Refreshing native plugins compatible for Editor in 4.38 ms, found 5 plugins.
Preloading 0 native plugins for Editor in 0.00 ms.
Unloading 3310 Unused Serialized files (Serialized files now loaded: 0)
Unloading 32 unused Assets / (1.3 MB). Loaded Objects now: 3876.
Memory consumption went from 128.1 MB to 126.8 MB.
Total: 6.087600 ms (FindLiveObjects: 0.368900 ms CreateObjectMapping: 0.228300 ms MarkObjects: 4.569800 ms  DeleteObjects: 0.919000 ms)

AssetImportParameters requested are different than current active one (requested -> active):
  custom:video-decoder-ogg-theora: a1e56fd34408186e4bbccfd4996cb3dc -> 
  custom:container-muxer-webm: aa71ff27fc2769a1b78a27578f13a17b -> 
  custom:container-demuxer-webm: 4f35f7cbe854078d1ac9338744f61a02 -> 
  custom:video-encoder-webm-vp8: eb34c28f22e8b96e1ab97ce403110664 -> 
  custom:audio-encoder-webm-vorbis: bf7c407c2cedff20999df2af8eb42d56 -> 
  custom:framework-win-MediaFoundation: 216162199b28c13a410421893ffa2e32 -> 
  custom:container-demuxer-ogg: 62fdf1f143b41e24485cea50d1cbac27 -> 
  custom:video-decoder-webm-vp8: 9c59270c3fd7afecdb556c50c9e8de78 -> 
  custom:audio-decoder-ogg-vorbis: bf7c407c2cedff20999df2af8eb42d56 -> 
========================================================================
Received Import Request.
  Time since last request: 8.978750 seconds.
  path: Assets/Scripts/SkyBoxScript.cs
  artifactKey: Guid(c43a507c047717d4394ccd733d856c1a) Importer(815301076,1909f56bfc062723c751e8b465ee728b)
Start importing Assets/Scripts/SkyBoxScript.cs using Guid(c43a507c047717d4394ccd733d856c1a) Importer(815301076,1909f56bfc062723c751e8b465ee728b)  -> (artifact id: '7cc25af25c55d34b7224936bdaedab04') in 0.013855 seconds 
========================================================================
Received Import Request.
  Time since last request: 0.000040 seconds.
  path: Assets/Vast Outer Space/Materials/Asteroid_A.mat
  artifactKey: Guid(2ab70d44e5d7dd44290aeaf27fe1d7f5) Importer(815301076,1909f56bfc062723c751e8b465ee728b)
Start importing Assets/Vast Outer Space/Materials/Asteroid_A.mat using Guid(2ab70d44e5d7dd44290aeaf27fe1d7f5) Importer(815301076,1909f56bfc062723c751e8b465ee728b)  -> (artifact id: 'ed96bca081045405b072f9b9ed779e10') in 1.126869 seconds 
========================================================================
Received Import Request.
  Time since last request: 0.000052 seconds.
  path: Assets/Vast Outer Space/Materials/Asteroid_C.mat
  artifactKey: Guid(e907e370a06d3ff49b3215387775ed67) Importer(815301076,1909f56bfc062723c751e8b465ee728b)
Start importing Assets/Vast Outer Space/Materials/Asteroid_C.mat using Guid(e907e370a06d3ff49b3215387775ed67) Importer(815301076,1909f56bfc062723c751e8b465ee728b)  -> (artifact id: '3db35dac864dd573e1196ebec873cc6d') in 0.089222 seconds 
========================================================================
Received Import Request.
  Time since last request: 0.000296 seconds.
  path: Assets/Vast Outer Space/Materials/Asteroid_E.mat
  artifactKey: Guid(faf502faf7e5c414d89caa4b6b589720) Importer(815301076,1909f56bfc062723c751e8b465ee728b)
Start importing Assets/Vast Outer Space/Materials/Asteroid_E.mat using Guid(faf502faf7e5c414d89caa4b6b589720) Importer(815301076,1909f56bfc062723c751e8b465ee728b)  -> (artifact id: 'aabbe798b4e47c7336d0b8ca60cbd558') in 0.080220 seconds 
========================================================================
Received Import Request.
  Time since last request: 0.000088 seconds.
  path: Assets/Characters_Wonderlands/Materials/Bee.mat
  artifactKey: Guid(209e3de5012ef4b49aa8338bf6f90524) Importer(815301076,1909f56bfc062723c751e8b465ee728b)
Start importing Assets/Characters_Wonderlands/Materials/Bee.mat using Guid(209e3de5012ef4b49aa8338bf6f90524) Importer(815301076,1909f56bfc062723c751e8b465ee728b)  -> (artifact id: '32264a5d78e1d02a8929b4403299d2f6') in 0.067025 seconds 
========================================================================
Received Import Request.
  Time since last request: 4.618260 seconds.
  path: Assets/Scripts/SkyBoxScript.cs
  artifactKey: Guid(c43a507c047717d4394ccd733d856c1a) Importer(815301076,1909f56bfc062723c751e8b465ee728b)
Start importing Assets/Scripts/SkyBoxScript.cs using Guid(c43a507c047717d4394ccd733d856c1a) Importer(815301076,1909f56bfc062723c751e8b465ee728b)  -> (artifact id: '9eee62ce932bf88e9ae731225fc65789') in 0.006523 seconds 
========================================================================
Received Prepare
Registering precompiled user dll's ...
Registered in 0.009383 seconds.
Begin MonoManager ReloadAssembly
Symbol file LoadedFromMemory doesn't match image E:\GitHub\Alice\AliceProject\Library\PackageCache\com.unity.visualscripting@1.8.0\Editor\VisualScripting.Core\Dependencies\YamlDotNet\Unity.VisualScripting.YamlDotNet.dll
Symbol file LoadedFromMemory doesn't match image E:\GitHub\Alice\AliceProject\Library\PackageCache\com.unity.visualscripting@1.8.0\Editor\VisualScripting.Core\Dependencies\DotNetZip\Unity.VisualScripting.IonicZip.dll
Native extension for WindowsStandalone target not found
Refreshing native plugins compatible for Editor in 1.26 ms, found 5 plugins.
Preloading 0 native plugins for Editor in 0.00 ms.
Mono: successfully reloaded assembly
- Completed reload, in  2.074 seconds
Domain Reload Profiling:
	ReloadAssembly (2075ms)
		BeginReloadAssembly (331ms)
			ExecutionOrderSort (0ms)
			DisableScriptedObjects (7ms)
			BackupInstance (0ms)
			ReleaseScriptingObjects (0ms)
			CreateAndSetChildDomain (61ms)
		EndReloadAssembly (1429ms)
			LoadAssemblies (311ms)
			RebuildTransferFunctionScriptingTraits (0ms)
			SetupTypeCache (483ms)
			ReleaseScriptCaches (2ms)
			RebuildScriptCaches (111ms)
			SetupLoadedEditorAssemblies (556ms)
				LogAssemblyErrors (0ms)
				InitializePlatformSupportModulesInManaged (10ms)
				SetLoadedEditorAssemblies (1ms)
				RefreshPlugins (1ms)
				BeforeProcessingInitializeOnLoad (102ms)
				ProcessInitializeOnLoadAttributes (405ms)
				ProcessInitializeOnLoadMethodAttributes (30ms)
				AfterProcessingInitializeOnLoad (5ms)
				EditorAssembliesLoaded (0ms)
			ExecutionOrderSort2 (0ms)
			AwakeInstancesAfterBackupRestoration (29ms)
Platform modules already initialized, skipping
Refreshing native plugins compatible for Editor in 4.79 ms, found 5 plugins.
Preloading 0 native plugins for Editor in 0.00 ms.
Unloading 3310 Unused Serialized files (Serialized files now loaded: 0)
Unloading 32 unused Assets / (1.3 MB). Loaded Objects now: 3879.
Memory consumption went from 128.2 MB to 126.9 MB.
Total: 6.117900 ms (FindLiveObjects: 0.354200 ms CreateObjectMapping: 0.288200 ms MarkObjects: 5.137400 ms  DeleteObjects: 0.336800 ms)

AssetImportParameters requested are different than current active one (requested -> active):
  custom:video-decoder-ogg-theora: a1e56fd34408186e4bbccfd4996cb3dc -> 
  custom:container-muxer-webm: aa71ff27fc2769a1b78a27578f13a17b -> 
  custom:container-demuxer-webm: 4f35f7cbe854078d1ac9338744f61a02 -> 
  custom:video-encoder-webm-vp8: eb34c28f22e8b96e1ab97ce403110664 -> 
  custom:audio-encoder-webm-vorbis: bf7c407c2cedff20999df2af8eb42d56 -> 
  custom:framework-win-MediaFoundation: 216162199b28c13a410421893ffa2e32 -> 
  custom:container-demuxer-ogg: 62fdf1f143b41e24485cea50d1cbac27 -> 
  custom:video-decoder-webm-vp8: 9c59270c3fd7afecdb556c50c9e8de78 -> 
  custom:audio-decoder-ogg-vorbis: bf7c407c2cedff20999df2af8eb42d56 -> 
========================================================================
Received Prepare
Registering precompiled user dll's ...
Registered in 0.013935 seconds.
Begin MonoManager ReloadAssembly
Symbol file LoadedFromMemory doesn't match image E:\GitHub\Alice\AliceProject\Library\PackageCache\com.unity.visualscripting@1.8.0\Editor\VisualScripting.Core\Dependencies\YamlDotNet\Unity.VisualScripting.YamlDotNet.dll
Symbol file LoadedFromMemory doesn't match image E:\GitHub\Alice\AliceProject\Library\PackageCache\com.unity.visualscripting@1.8.0\Editor\VisualScripting.Core\Dependencies\DotNetZip\Unity.VisualScripting.IonicZip.dll
Native extension for WindowsStandalone target not found
Refreshing native plugins compatible for Editor in 3.99 ms, found 5 plugins.
Preloading 0 native plugins for Editor in 0.00 ms.
Mono: successfully reloaded assembly
- Completed reload, in  3.776 seconds
Domain Reload Profiling:
	ReloadAssembly (3777ms)
		BeginReloadAssembly (602ms)
			ExecutionOrderSort (0ms)
			DisableScriptedObjects (13ms)
			BackupInstance (0ms)
			ReleaseScriptingObjects (0ms)
			CreateAndSetChildDomain (58ms)
		EndReloadAssembly (2681ms)
			LoadAssemblies (692ms)
			RebuildTransferFunctionScriptingTraits (0ms)
			SetupTypeCache (1315ms)
			ReleaseScriptCaches (2ms)
			RebuildScriptCaches (84ms)
			SetupLoadedEditorAssemblies (804ms)
				LogAssemblyErrors (0ms)
				InitializePlatformSupportModulesInManaged (7ms)
				SetLoadedEditorAssemblies (1ms)
				RefreshPlugins (5ms)
				BeforeProcessingInitializeOnLoad (180ms)
				ProcessInitializeOnLoadAttributes (554ms)
				ProcessInitializeOnLoadMethodAttributes (50ms)
				AfterProcessingInitializeOnLoad (6ms)
				EditorAssembliesLoaded (0ms)
			ExecutionOrderSort2 (0ms)
			AwakeInstancesAfterBackupRestoration (55ms)
Platform modules already initialized, skipping
Refreshing native plugins compatible for Editor in 5.22 ms, found 5 plugins.
Preloading 0 native plugins for Editor in 0.00 ms.
Unloading 3310 Unused Serialized files (Serialized files now loaded: 0)
Unloading 32 unused Assets / (1.3 MB). Loaded Objects now: 3882.
Memory consumption went from 128.2 MB to 126.9 MB.
Total: 5.352700 ms (FindLiveObjects: 0.324300 ms CreateObjectMapping: 0.279700 ms MarkObjects: 4.393300 ms  DeleteObjects: 0.354100 ms)

AssetImportParameters requested are different than current active one (requested -> active):
  custom:video-decoder-ogg-theora: a1e56fd34408186e4bbccfd4996cb3dc -> 
  custom:container-muxer-webm: aa71ff27fc2769a1b78a27578f13a17b -> 
  custom:container-demuxer-webm: 4f35f7cbe854078d1ac9338744f61a02 -> 
  custom:video-encoder-webm-vp8: eb34c28f22e8b96e1ab97ce403110664 -> 
  custom:audio-encoder-webm-vorbis: bf7c407c2cedff20999df2af8eb42d56 -> 
  custom:framework-win-MediaFoundation: 216162199b28c13a410421893ffa2e32 -> 
  custom:container-demuxer-ogg: 62fdf1f143b41e24485cea50d1cbac27 -> 
  custom:video-decoder-webm-vp8: 9c59270c3fd7afecdb556c50c9e8de78 -> 
  custom:audio-decoder-ogg-vorbis: bf7c407c2cedff20999df2af8eb42d56 -> 
========================================================================
Received Prepare
Registering precompiled user dll's ...
Registered in 0.009503 seconds.
Begin MonoManager ReloadAssembly
Symbol file LoadedFromMemory doesn't match image E:\GitHub\Alice\AliceProject\Library\PackageCache\com.unity.visualscripting@1.8.0\Editor\VisualScripting.Core\Dependencies\YamlDotNet\Unity.VisualScripting.YamlDotNet.dll
Symbol file LoadedFromMemory doesn't match image E:\GitHub\Alice\AliceProject\Library\PackageCache\com.unity.visualscripting@1.8.0\Editor\VisualScripting.Core\Dependencies\DotNetZip\Unity.VisualScripting.IonicZip.dll
Native extension for WindowsStandalone target not found
Refreshing native plugins compatible for Editor in 3.74 ms, found 5 plugins.
Preloading 0 native plugins for Editor in 0.00 ms.
Mono: successfully reloaded assembly
- Completed reload, in  5.562 seconds
Domain Reload Profiling:
	ReloadAssembly (5566ms)
		BeginReloadAssembly (809ms)
			ExecutionOrderSort (0ms)
			DisableScriptedObjects (10ms)
			BackupInstance (0ms)
			ReleaseScriptingObjects (0ms)
			CreateAndSetChildDomain (123ms)
		EndReloadAssembly (4195ms)
			LoadAssemblies (767ms)
			RebuildTransferFunctionScriptingTraits (0ms)
			SetupTypeCache (1845ms)
			ReleaseScriptCaches (5ms)
			RebuildScriptCaches (418ms)
			SetupLoadedEditorAssemblies (1237ms)
				LogAssemblyErrors (0ms)
				InitializePlatformSupportModulesInManaged (31ms)
				SetLoadedEditorAssemblies (2ms)
				RefreshPlugins (6ms)
				BeforeProcessingInitializeOnLoad (373ms)
				ProcessInitializeOnLoadAttributes (790ms)
				ProcessInitializeOnLoadMethodAttributes (28ms)
				AfterProcessingInitializeOnLoad (7ms)
				EditorAssembliesLoaded (0ms)
			ExecutionOrderSort2 (0ms)
			AwakeInstancesAfterBackupRestoration (34ms)
Platform modules already initialized, skipping
Refreshing native plugins compatible for Editor in 3.63 ms, found 5 plugins.
Preloading 0 native plugins for Editor in 0.00 ms.
Unloading 3310 Unused Serialized files (Serialized files now loaded: 0)
Unloading 32 unused Assets / (1.3 MB). Loaded Objects now: 3885.
Memory consumption went from 128.2 MB to 126.9 MB.
Total: 5.564000 ms (FindLiveObjects: 0.367600 ms CreateObjectMapping: 0.198400 ms MarkObjects: 4.680800 ms  DeleteObjects: 0.315200 ms)

AssetImportParameters requested are different than current active one (requested -> active):
  custom:video-decoder-ogg-theora: a1e56fd34408186e4bbccfd4996cb3dc -> 
  custom:container-muxer-webm: aa71ff27fc2769a1b78a27578f13a17b -> 
  custom:container-demuxer-webm: 4f35f7cbe854078d1ac9338744f61a02 -> 
  custom:video-encoder-webm-vp8: eb34c28f22e8b96e1ab97ce403110664 -> 
  custom:audio-encoder-webm-vorbis: bf7c407c2cedff20999df2af8eb42d56 -> 
  custom:framework-win-MediaFoundation: 216162199b28c13a410421893ffa2e32 -> 
  custom:container-demuxer-ogg: 62fdf1f143b41e24485cea50d1cbac27 -> 
  custom:video-decoder-webm-vp8: 9c59270c3fd7afecdb556c50c9e8de78 -> 
  custom:audio-decoder-ogg-vorbis: bf7c407c2cedff20999df2af8eb42d56 -> 
