Using pre-set license
Built from '2021.3/staging' branch; Version is '2021.3.24f1 (cf10dcf7010d) revision 13570268'; Using compiler version '192829333'; Build Type 'Release'
OS: 'Windows 11  (10.0.22622) 64bit Education' Language: 'ko' Physical Memory: 7986 MB
BatchMode: 1, IsHumanControllingUs: 0, StartBugReporterOnCrash: 0, Is64bit: 1, IsPro: 1

COMMAND LINE ARGUMENTS:
E:\UnityHub\2021.3.24f1\Editor\Unity.exe
-adb2
-batchMode
-noUpm
-name
AssetImportWorker1
-projectPath
E:/GitHub/Alice/AliceProject
-logFile
Logs/AssetImportWorker1.log
-srvPort
58301
Successfully changed project path to: E:/GitHub/Alice/AliceProject
E:/GitHub/Alice/AliceProject
[UnityMemory] Configuration Parameters - Can be set up in boot.config
    "memorysetup-bucket-allocator-granularity=16"
    "memorysetup-bucket-allocator-bucket-count=8"
    "memorysetup-bucket-allocator-block-size=33554432"
    "memorysetup-bucket-allocator-block-count=8"
    "memorysetup-main-allocator-block-size=16777216"
    "memorysetup-thread-allocator-block-size=16777216"
    "memorysetup-gfx-main-allocator-block-size=16777216"
    "memorysetup-gfx-thread-allocator-block-size=16777216"
    "memorysetup-cache-allocator-block-size=4194304"
    "memorysetup-typetree-allocator-block-size=2097152"
    "memorysetup-profiler-bucket-allocator-granularity=16"
    "memorysetup-profiler-bucket-allocator-bucket-count=8"
    "memorysetup-profiler-bucket-allocator-block-size=33554432"
    "memorysetup-profiler-bucket-allocator-block-count=8"
    "memorysetup-profiler-allocator-block-size=16777216"
    "memorysetup-profiler-editor-allocator-block-size=1048576"
    "memorysetup-temp-allocator-size-main=16777216"
    "memorysetup-job-temp-allocator-block-size=2097152"
    "memorysetup-job-temp-allocator-block-size-background=1048576"
    "memorysetup-job-temp-allocator-reduction-small-platforms=262144"
    "memorysetup-temp-allocator-size-background-worker=32768"
    "memorysetup-temp-allocator-size-job-worker=262144"
    "memorysetup-temp-allocator-size-preload-manager=33554432"
    "memorysetup-temp-allocator-size-nav-mesh-worker=65536"
    "memorysetup-temp-allocator-size-audio-worker=65536"
    "memorysetup-temp-allocator-size-cloud-worker=32768"
    "memorysetup-temp-allocator-size-gi-baking-worker=262144"
    "memorysetup-temp-allocator-size-gfx=262144"
Player connection [7724] Host "[IP] 192.168.45.201 [Port] 0 [Flags] 2 [Guid] 1868460953 [EditorId] 1868460953 [Version] 1048832 [Id] WindowsEditor(7,ooketmon) [Debug] 1 [PackageName] WindowsEditor [ProjectName] Editor" joined multi-casting on [225.0.0.222:54997]...

Player connection [7724] Host "[IP] 192.168.45.201 [Port] 0 [Flags] 2 [Guid] 1868460953 [EditorId] 1868460953 [Version] 1048832 [Id] WindowsEditor(7,ooketmon) [Debug] 1 [PackageName] WindowsEditor [ProjectName] Editor" joined alternative multi-casting on [225.0.0.222:34997]...

Refreshing native plugins compatible for Editor in 174.57 ms, found 5 plugins.
Preloading 0 native plugins for Editor in 0.00 ms.
Initialize engine version: 2021.3.24f1 (cf10dcf7010d)
[Subsystems] Discovering subsystems at path E:/UnityHub/2021.3.24f1/Editor/Data/Resources/UnitySubsystems
[Subsystems] Discovering subsystems at path E:/GitHub/Alice/AliceProject/Assets
GfxDevice: creating device client; threaded=0; jobified=0
Direct3D:
    Version:  Direct3D 11.0 [level 11.1]
    Renderer: Intel(R) UHD Graphics 620 (ID=0x3ea0)
    Vendor:   Intel
    VRAM:     3993 MB
    Driver:   31.0.101.2114
Initialize mono
Mono path[0] = 'E:/UnityHub/2021.3.24f1/Editor/Data/Managed'
Mono path[1] = 'E:/UnityHub/2021.3.24f1/Editor/Data/MonoBleedingEdge/lib/mono/unityjit-win32'
Mono config path = 'E:/UnityHub/2021.3.24f1/Editor/Data/MonoBleedingEdge/etc'
Using monoOptions --debugger-agent=transport=dt_socket,embedding=1,server=y,suspend=n,address=127.0.0.1:56420
Begin MonoManager ReloadAssembly
Registering precompiled unity dll's ...
Register platform support module: E:/UnityHub/2021.3.24f1/Editor/Data/PlaybackEngines/WindowsStandaloneSupport/UnityEditor.WindowsStandalone.Extensions.dll
Registered in 0.005406 seconds.
Native extension for WindowsStandalone target not found
Refreshing native plugins compatible for Editor in 147.64 ms, found 5 plugins.
Preloading 0 native plugins for Editor in 0.00 ms.
Mono: successfully reloaded assembly
- Completed reload, in  1.211 seconds
Domain Reload Profiling:
	ReloadAssembly (1212ms)
		BeginReloadAssembly (235ms)
			ExecutionOrderSort (0ms)
			DisableScriptedObjects (0ms)
			BackupInstance (0ms)
			ReleaseScriptingObjects (0ms)
			CreateAndSetChildDomain (1ms)
		EndReloadAssembly (797ms)
			LoadAssemblies (233ms)
			RebuildTransferFunctionScriptingTraits (0ms)
			SetupTypeCache (186ms)
			ReleaseScriptCaches (0ms)
			RebuildScriptCaches (49ms)
			SetupLoadedEditorAssemblies (488ms)
				LogAssemblyErrors (0ms)
				InitializePlatformSupportModulesInManaged (11ms)
				SetLoadedEditorAssemblies (0ms)
				RefreshPlugins (148ms)
				BeforeProcessingInitializeOnLoad (3ms)
				ProcessInitializeOnLoadAttributes (218ms)
				ProcessInitializeOnLoadMethodAttributes (108ms)
				AfterProcessingInitializeOnLoad (0ms)
				EditorAssembliesLoaded (0ms)
			ExecutionOrderSort2 (0ms)
			AwakeInstancesAfterBackupRestoration (0ms)
Platform modules already initialized, skipping
Registering precompiled user dll's ...
Registered in 0.012506 seconds.
Begin MonoManager ReloadAssembly
Symbol file LoadedFromMemory doesn't match image E:\GitHub\Alice\AliceProject\Library\PackageCache\com.unity.visualscripting@1.8.0\Editor\VisualScripting.Core\Dependencies\YamlDotNet\Unity.VisualScripting.YamlDotNet.dll
Symbol file LoadedFromMemory doesn't match image E:\GitHub\Alice\AliceProject\Library\PackageCache\com.unity.visualscripting@1.8.0\Editor\VisualScripting.Core\Dependencies\DotNetZip\Unity.VisualScripting.IonicZip.dll
Native extension for WindowsStandalone target not found
Refreshing native plugins compatible for Editor in 0.94 ms, found 5 plugins.
Preloading 0 native plugins for Editor in 0.00 ms.
Mono: successfully reloaded assembly
- Completed reload, in  1.765 seconds
Domain Reload Profiling:
	ReloadAssembly (1767ms)
		BeginReloadAssembly (244ms)
			ExecutionOrderSort (0ms)
			DisableScriptedObjects (9ms)
			BackupInstance (0ms)
			ReleaseScriptingObjects (0ms)
			CreateAndSetChildDomain (28ms)
		EndReloadAssembly (1364ms)
			LoadAssemblies (264ms)
			RebuildTransferFunctionScriptingTraits (0ms)
			SetupTypeCache (460ms)
			ReleaseScriptCaches (1ms)
			RebuildScriptCaches (81ms)
			SetupLoadedEditorAssemblies (581ms)
				LogAssemblyErrors (0ms)
				InitializePlatformSupportModulesInManaged (7ms)
				SetLoadedEditorAssemblies (1ms)
				RefreshPlugins (1ms)
				BeforeProcessingInitializeOnLoad (127ms)
				ProcessInitializeOnLoadAttributes (406ms)
				ProcessInitializeOnLoadMethodAttributes (34ms)
				AfterProcessingInitializeOnLoad (5ms)
				EditorAssembliesLoaded (0ms)
			ExecutionOrderSort2 (0ms)
			AwakeInstancesAfterBackupRestoration (25ms)
Platform modules already initialized, skipping
========================================================================
Worker process is ready to serve import requests
Launched and connected shader compiler UnityShaderCompiler.exe after 0.24 seconds
Refreshing native plugins compatible for Editor in 0.74 ms, found 5 plugins.
Preloading 0 native plugins for Editor in 0.00 ms.
Unloading 3348 Unused Serialized files (Serialized files now loaded: 0)
Unloading 39 unused Assets / (1.3 MB). Loaded Objects now: 3796.
Memory consumption went from 124.7 MB to 123.4 MB.
Total: 4.766800 ms (FindLiveObjects: 0.325400 ms CreateObjectMapping: 0.575300 ms MarkObjects: 3.368400 ms  DeleteObjects: 0.496400 ms)

AssetImportParameters requested are different than current active one (requested -> active):
  custom:video-decoder-ogg-theora: a1e56fd34408186e4bbccfd4996cb3dc -> 
  custom:container-muxer-webm: aa71ff27fc2769a1b78a27578f13a17b -> 
  custom:container-demuxer-webm: 4f35f7cbe854078d1ac9338744f61a02 -> 
  custom:video-encoder-webm-vp8: eb34c28f22e8b96e1ab97ce403110664 -> 
  custom:audio-encoder-webm-vorbis: bf7c407c2cedff20999df2af8eb42d56 -> 
  custom:framework-win-MediaFoundation: 216162199b28c13a410421893ffa2e32 -> 
  custom:container-demuxer-ogg: 62fdf1f143b41e24485cea50d1cbac27 -> 
  custom:video-decoder-webm-vp8: 9c59270c3fd7afecdb556c50c9e8de78 -> 
  custom:audio-decoder-ogg-vorbis: bf7c407c2cedff20999df2af8eb42d56 -> 
========================================================================
Received Import Request.
  Time since last request: 13121.231537 seconds.
  path: Assets/Scenes/Demo.unity
  artifactKey: Guid(56cab201c4328554b8070036ebe4911f) Importer(815301076,1909f56bfc062723c751e8b465ee728b)
Start importing Assets/Scenes/Demo.unity using Guid(56cab201c4328554b8070036ebe4911f) Importer(815301076,1909f56bfc062723c751e8b465ee728b)  -> (artifact id: '1aaeaca9eae85bd35c83a9cf638aa4cf') in 0.017854 seconds 
========================================================================
Received Import Request.
  Time since last request: 1221.080157 seconds.
  path: Assets/Pixel Skies DEMO/Pixel Skies 240x135px/demo02_PixelSky.png
  artifactKey: Guid(0675ce4596ea3e047879ee54f19b94a0) Importer(815301076,1909f56bfc062723c751e8b465ee728b)
Start importing Assets/Pixel Skies DEMO/Pixel Skies 240x135px/demo02_PixelSky.png using Guid(0675ce4596ea3e047879ee54f19b94a0) Importer(815301076,1909f56bfc062723c751e8b465ee728b)  -> (artifact id: 'd92038d28e69bb777ce07180be04f2c4') in 0.262574 seconds 
========================================================================
Received Import Request.
  Time since last request: 0.000199 seconds.
  path: Assets/Pixel Skies DEMO/Pixel Skies 240x135px/demo03_PixelSky.png
  artifactKey: Guid(3c522dfe25a7896468abb57f4bf0f186) Importer(815301076,1909f56bfc062723c751e8b465ee728b)
Start importing Assets/Pixel Skies DEMO/Pixel Skies 240x135px/demo03_PixelSky.png using Guid(3c522dfe25a7896468abb57f4bf0f186) Importer(815301076,1909f56bfc062723c751e8b465ee728b)  -> (artifact id: '93df032087ff878ffd2ea4f4f598c09d') in 0.062920 seconds 
========================================================================
Received Import Request.
  Time since last request: 0.000052 seconds.
  path: Assets/Pixel Skies DEMO/Pixel Skies 240x135px/demo06_PixelSky.png
  artifactKey: Guid(f6cc67ab8870dda4dbc253117214730e) Importer(815301076,1909f56bfc062723c751e8b465ee728b)
Start importing Assets/Pixel Skies DEMO/Pixel Skies 240x135px/demo06_PixelSky.png using Guid(f6cc67ab8870dda4dbc253117214730e) Importer(815301076,1909f56bfc062723c751e8b465ee728b)  -> (artifact id: '29e4560b86c09f0396333e48b82abd5a') in 0.060319 seconds 
========================================================================
Received Import Request.
  Time since last request: 1.404922 seconds.
  path: Assets/Pixel Skies DEMO/Pixel Skies 1920x1080px (Full HD)/demo02_PixelSky_1920x1080.png
  artifactKey: Guid(23e37d0059af18c4f81beec3bf9f8d1a) Importer(815301076,1909f56bfc062723c751e8b465ee728b)
Start importing Assets/Pixel Skies DEMO/Pixel Skies 1920x1080px (Full HD)/demo02_PixelSky_1920x1080.png using Guid(23e37d0059af18c4f81beec3bf9f8d1a) Importer(815301076,1909f56bfc062723c751e8b465ee728b)  -> (artifact id: 'cb7f282f27aa54fb1de42f8495e057ec') in 0.244554 seconds 
========================================================================
Received Import Request.
  Time since last request: 0.000107 seconds.
  path: Assets/Pixel Skies DEMO/Pixel Skies 1920x1080px (Full HD)/demo06_PixelSky_1920x1080.png
  artifactKey: Guid(3de760602bae9d54dbd6e2463f455381) Importer(815301076,1909f56bfc062723c751e8b465ee728b)
Start importing Assets/Pixel Skies DEMO/Pixel Skies 1920x1080px (Full HD)/demo06_PixelSky_1920x1080.png using Guid(3de760602bae9d54dbd6e2463f455381) Importer(815301076,1909f56bfc062723c751e8b465ee728b)  -> (artifact id: '349074290c5fc566ca4cfe3af1ce4dd9') in 0.236171 seconds 
========================================================================
Received Import Request.
  Time since last request: 0.000083 seconds.
  path: Assets/Pixel Skies DEMO/Pixel Skies 1920x1080px (Full HD)/demo04_PixelSky_1920x1080.png
  artifactKey: Guid(1efc14524702f8c4694fc4697517592f) Importer(815301076,1909f56bfc062723c751e8b465ee728b)
Start importing Assets/Pixel Skies DEMO/Pixel Skies 1920x1080px (Full HD)/demo04_PixelSky_1920x1080.png using Guid(1efc14524702f8c4694fc4697517592f) Importer(815301076,1909f56bfc062723c751e8b465ee728b)  -> (artifact id: '12a1300c2b64d6b4426f7e43f0eb2d9b') in 0.203172 seconds 
========================================================================
Received Import Request.
  Time since last request: 165.683515 seconds.
  path: Assets/Arkham Interactive/Toony/Skies/Scripts/PF_MainCamera.prefab
  artifactKey: Guid(4698c91b91d5fcf4bac2569088e9ec39) Importer(815301076,1909f56bfc062723c751e8b465ee728b)
Start importing Assets/Arkham Interactive/Toony/Skies/Scripts/PF_MainCamera.prefab using Guid(4698c91b91d5fcf4bac2569088e9ec39) Importer(815301076,1909f56bfc062723c751e8b465ee728b)  -> (artifact id: '78d199a125b17e68283b848486579df5') in 0.049805 seconds 
========================================================================
Received Import Request.
  Time since last request: 0.423866 seconds.
  path: Assets/Arkham Interactive/Toony/Skies/Textures/BlueSky01_DN.png
  artifactKey: Guid(0542d025081ed1346b859d82b6d02476) Importer(815301076,1909f56bfc062723c751e8b465ee728b)
Start importing Assets/Arkham Interactive/Toony/Skies/Textures/BlueSky01_DN.png using Guid(0542d025081ed1346b859d82b6d02476) Importer(815301076,1909f56bfc062723c751e8b465ee728b)  -> (artifact id: '2b9d3b99013210bd3eedee9e8ec0a186') in 0.062942 seconds 
========================================================================
Received Import Request.
  Time since last request: 0.000051 seconds.
  path: Assets/Arkham Interactive/Toony/Skies/Textures/PinkSunset01_BK.png
  artifactKey: Guid(be5dc7c8cece67b49b9e22a113e3cc1b) Importer(815301076,1909f56bfc062723c751e8b465ee728b)
Start importing Assets/Arkham Interactive/Toony/Skies/Textures/PinkSunset01_BK.png using Guid(be5dc7c8cece67b49b9e22a113e3cc1b) Importer(815301076,1909f56bfc062723c751e8b465ee728b)  -> (artifact id: 'a3332c6c90b8c22725b0a5df453d0d77') in 0.064153 seconds 
========================================================================
Received Import Request.
  Time since last request: 0.000032 seconds.
  path: Assets/Arkham Interactive/Toony/Skies/Textures/BlueSky02_LF.png
  artifactKey: Guid(f5e535df8c032354783ffe27854340e0) Importer(815301076,1909f56bfc062723c751e8b465ee728b)
Start importing Assets/Arkham Interactive/Toony/Skies/Textures/BlueSky02_LF.png using Guid(f5e535df8c032354783ffe27854340e0) Importer(815301076,1909f56bfc062723c751e8b465ee728b)  -> (artifact id: 'e0edd32e119aaa694928292bf828dcd7') in 0.082723 seconds 
========================================================================
Received Import Request.
  Time since last request: 0.000038 seconds.
  path: Assets/Arkham Interactive/Toony/Skies/Textures/GoldenHorizon01_BK.png
  artifactKey: Guid(da7c21e3514b87b46aa23c58f8973e33) Importer(815301076,1909f56bfc062723c751e8b465ee728b)
Start importing Assets/Arkham Interactive/Toony/Skies/Textures/GoldenHorizon01_BK.png using Guid(da7c21e3514b87b46aa23c58f8973e33) Importer(815301076,1909f56bfc062723c751e8b465ee728b)  -> (artifact id: '37e12fb065474a21606bf930f6c8dbe3') in 0.055404 seconds 
========================================================================
Received Import Request.
  Time since last request: 0.000097 seconds.
  path: Assets/Arkham Interactive/Toony/Skies/Textures/BrightMorning01_LF.png
  artifactKey: Guid(3be15411c41578a4c8eea6bf90dcc469) Importer(815301076,1909f56bfc062723c751e8b465ee728b)
Start importing Assets/Arkham Interactive/Toony/Skies/Textures/BrightMorning01_LF.png using Guid(3be15411c41578a4c8eea6bf90dcc469) Importer(815301076,1909f56bfc062723c751e8b465ee728b)  -> (artifact id: 'bb88bf3131422982c6a82aff466b618b') in 0.048845 seconds 
========================================================================
Received Import Request.
  Time since last request: 0.000040 seconds.
  path: Assets/Arkham Interactive/Toony/Skies/Textures/GoldenHorizon01_UP.png
  artifactKey: Guid(507508518f00e5449bddd2659180a0f7) Importer(815301076,1909f56bfc062723c751e8b465ee728b)
Start importing Assets/Arkham Interactive/Toony/Skies/Textures/GoldenHorizon01_UP.png using Guid(507508518f00e5449bddd2659180a0f7) Importer(815301076,1909f56bfc062723c751e8b465ee728b)  -> (artifact id: '264e36e48c3c2f5331c85a944e98f4ac') in 0.058190 seconds 
========================================================================
Received Import Request.
  Time since last request: 0.000065 seconds.
  path: Assets/Arkham Interactive/Toony/Skies/Textures/MoodySunrise02_DN.jpg
  artifactKey: Guid(54026c641623c5545a0db89d9d33ca87) Importer(815301076,1909f56bfc062723c751e8b465ee728b)
Start importing Assets/Arkham Interactive/Toony/Skies/Textures/MoodySunrise02_DN.jpg using Guid(54026c641623c5545a0db89d9d33ca87) Importer(815301076,1909f56bfc062723c751e8b465ee728b)  -> (artifact id: '62e18007441a8de98c3d0e29e0ea3509') in 0.079895 seconds 
========================================================================
Received Import Request.
  Time since last request: 0.000069 seconds.
  path: Assets/Arkham Interactive/Toony/Skies/Textures/BrightMorning01_BK.png
  artifactKey: Guid(54d66d0d3d0a78042878d941acba9079) Importer(815301076,1909f56bfc062723c751e8b465ee728b)
Start importing Assets/Arkham Interactive/Toony/Skies/Textures/BrightMorning01_BK.png using Guid(54d66d0d3d0a78042878d941acba9079) Importer(815301076,1909f56bfc062723c751e8b465ee728b)  -> (artifact id: '1e2e59eedc83b371e68af5dd215b4ef6') in 0.049327 seconds 
========================================================================
Received Import Request.
  Time since last request: 0.000200 seconds.
  path: Assets/Arkham Interactive/Toony/Skies/Textures/MoodySunrise01_FR.jpg
  artifactKey: Guid(3ffc2b7b511a6834eb1aaa144465ffde) Importer(815301076,1909f56bfc062723c751e8b465ee728b)
Start importing Assets/Arkham Interactive/Toony/Skies/Textures/MoodySunrise01_FR.jpg using Guid(3ffc2b7b511a6834eb1aaa144465ffde) Importer(815301076,1909f56bfc062723c751e8b465ee728b)  -> (artifact id: '6b670b6a908ace2e3991ce09b1172773') in 0.063855 seconds 
========================================================================
Received Import Request.
  Time since last request: 0.000054 seconds.
  path: Assets/Arkham Interactive/Toony/Skies/Textures/MoodySunrise01_RT.jpg
  artifactKey: Guid(d2b33b4fee7833148a3180d8f6a8f53b) Importer(815301076,1909f56bfc062723c751e8b465ee728b)
Start importing Assets/Arkham Interactive/Toony/Skies/Textures/MoodySunrise01_RT.jpg using Guid(d2b33b4fee7833148a3180d8f6a8f53b) Importer(815301076,1909f56bfc062723c751e8b465ee728b)  -> (artifact id: 'f6059702fbcf3700d511aefc2d13307f') in 0.068892 seconds 
========================================================================
Received Import Request.
  Time since last request: 0.000127 seconds.
  path: Assets/Arkham Interactive/Toony/Skies/Textures/BlueSky01_FR.png
  artifactKey: Guid(0da1c0d92cd418c4c8b9a6ebad46da97) Importer(815301076,1909f56bfc062723c751e8b465ee728b)
Start importing Assets/Arkham Interactive/Toony/Skies/Textures/BlueSky01_FR.png using Guid(0da1c0d92cd418c4c8b9a6ebad46da97) Importer(815301076,1909f56bfc062723c751e8b465ee728b)  -> (artifact id: '18e5a6655245a838f5df3092ea1fa115') in 0.067036 seconds 
========================================================================
Received Import Request.
  Time since last request: 0.000131 seconds.
  path: Assets/Arkham Interactive/Toony/Skies/Textures/MoodySunrise02_UP.jpg
  artifactKey: Guid(301cb5cd5d27bbc46a28ac0fd0cf1804) Importer(815301076,1909f56bfc062723c751e8b465ee728b)
Start importing Assets/Arkham Interactive/Toony/Skies/Textures/MoodySunrise02_UP.jpg using Guid(301cb5cd5d27bbc46a28ac0fd0cf1804) Importer(815301076,1909f56bfc062723c751e8b465ee728b)  -> (artifact id: 'fdad1db4f96f46b3a1286cd9e6934197') in 0.072624 seconds 
========================================================================
Received Import Request.
  Time since last request: 0.000053 seconds.
  path: Assets/Arkham Interactive/Toony/Skies/Textures/MoodySunrise01_LF.jpg
  artifactKey: Guid(055207ecdfe46d240a6ba18db68dc471) Importer(815301076,1909f56bfc062723c751e8b465ee728b)
Start importing Assets/Arkham Interactive/Toony/Skies/Textures/MoodySunrise01_LF.jpg using Guid(055207ecdfe46d240a6ba18db68dc471) Importer(815301076,1909f56bfc062723c751e8b465ee728b)  -> (artifact id: 'a00a95ea785ef943d06cd31d7a403340') in 0.066146 seconds 
========================================================================
Received Import Request.
  Time since last request: 0.000051 seconds.
  path: Assets/Arkham Interactive/Toony/Skies/Textures/BrightMorning01_UP.png
  artifactKey: Guid(292071fdbd5156949b71129416ca2bdd) Importer(815301076,1909f56bfc062723c751e8b465ee728b)
Start importing Assets/Arkham Interactive/Toony/Skies/Textures/BrightMorning01_UP.png using Guid(292071fdbd5156949b71129416ca2bdd) Importer(815301076,1909f56bfc062723c751e8b465ee728b)  -> (artifact id: '4689c201b51ed20bb3a94716215ad642') in 0.077738 seconds 
========================================================================
Received Import Request.
  Time since last request: 0.000088 seconds.
  path: Assets/Arkham Interactive/Toony/Skies/Textures/MoodySunrise02_FR.jpg
  artifactKey: Guid(d324ce0a324529c4b82da6ecd379d436) Importer(815301076,1909f56bfc062723c751e8b465ee728b)
Start importing Assets/Arkham Interactive/Toony/Skies/Textures/MoodySunrise02_FR.jpg using Guid(d324ce0a324529c4b82da6ecd379d436) Importer(815301076,1909f56bfc062723c751e8b465ee728b)  -> (artifact id: 'fc96ab815fdb2d1df4e53a69bc876f2c') in 0.065003 seconds 
========================================================================
Received Import Request.
  Time since last request: 0.000035 seconds.
  path: Assets/Arkham Interactive/Toony/Skies/Textures/BlueSky02_BK.png
  artifactKey: Guid(e890c99641c80204eb9982ad498b3e2a) Importer(815301076,1909f56bfc062723c751e8b465ee728b)
Start importing Assets/Arkham Interactive/Toony/Skies/Textures/BlueSky02_BK.png using Guid(e890c99641c80204eb9982ad498b3e2a) Importer(815301076,1909f56bfc062723c751e8b465ee728b)  -> (artifact id: 'd428ef7322df087078f64cebd72e97cd') in 0.069381 seconds 
========================================================================
Received Import Request.
  Time since last request: 0.000116 seconds.
  path: Assets/Arkham Interactive/Toony/Skies/Textures/BlueSky02_DN.png
  artifactKey: Guid(d23d367acf2cf234fa2583c8faa26001) Importer(815301076,1909f56bfc062723c751e8b465ee728b)
Start importing Assets/Arkham Interactive/Toony/Skies/Textures/BlueSky02_DN.png using Guid(d23d367acf2cf234fa2583c8faa26001) Importer(815301076,1909f56bfc062723c751e8b465ee728b)  -> (artifact id: '0c0049ed7f2469bb35658b1a3b7b6f1f') in 0.063116 seconds 
========================================================================
Received Import Request.
  Time since last request: 0.000062 seconds.
  path: Assets/Arkham Interactive/Toony/Skies/Textures/GoldenHorizon01_DN.png
  artifactKey: Guid(8add143fd6c83b64ca6368aa4b0be577) Importer(815301076,1909f56bfc062723c751e8b465ee728b)
Start importing Assets/Arkham Interactive/Toony/Skies/Textures/GoldenHorizon01_DN.png using Guid(8add143fd6c83b64ca6368aa4b0be577) Importer(815301076,1909f56bfc062723c751e8b465ee728b)  -> (artifact id: '5035d0d138fe58af95f5d1d7a46d3aaa') in 0.061233 seconds 
========================================================================
Received Prepare
Registering precompiled user dll's ...
Registered in 0.009370 seconds.
Begin MonoManager ReloadAssembly
Symbol file LoadedFromMemory doesn't match image E:\GitHub\Alice\AliceProject\Library\PackageCache\com.unity.visualscripting@1.8.0\Editor\VisualScripting.Core\Dependencies\YamlDotNet\Unity.VisualScripting.YamlDotNet.dll
Symbol file LoadedFromMemory doesn't match image E:\GitHub\Alice\AliceProject\Library\PackageCache\com.unity.visualscripting@1.8.0\Editor\VisualScripting.Core\Dependencies\DotNetZip\Unity.VisualScripting.IonicZip.dll
Native extension for WindowsStandalone target not found
Refreshing native plugins compatible for Editor in 0.78 ms, found 5 plugins.
Preloading 0 native plugins for Editor in 0.00 ms.
Mono: successfully reloaded assembly
- Completed reload, in  3.216 seconds
Domain Reload Profiling:
	ReloadAssembly (3219ms)
		BeginReloadAssembly (1039ms)
			ExecutionOrderSort (0ms)
			DisableScriptedObjects (36ms)
			BackupInstance (0ms)
			ReleaseScriptingObjects (0ms)
			CreateAndSetChildDomain (203ms)
		EndReloadAssembly (1789ms)
			LoadAssemblies (668ms)
			RebuildTransferFunctionScriptingTraits (0ms)
			SetupTypeCache (861ms)
			ReleaseScriptCaches (2ms)
			RebuildScriptCaches (74ms)
			SetupLoadedEditorAssemblies (570ms)
				LogAssemblyErrors (0ms)
				InitializePlatformSupportModulesInManaged (8ms)
				SetLoadedEditorAssemblies (1ms)
				RefreshPlugins (1ms)
				BeforeProcessingInitializeOnLoad (113ms)
				ProcessInitializeOnLoadAttributes (400ms)
				ProcessInitializeOnLoadMethodAttributes (41ms)
				AfterProcessingInitializeOnLoad (6ms)
				EditorAssembliesLoaded (0ms)
			ExecutionOrderSort2 (0ms)
			AwakeInstancesAfterBackupRestoration (25ms)
Platform modules already initialized, skipping
Refreshing native plugins compatible for Editor in 6.17 ms, found 5 plugins.
Preloading 0 native plugins for Editor in 0.00 ms.
Unloading 3309 Unused Serialized files (Serialized files now loaded: 0)
Unloading 32 unused Assets / (1.3 MB). Loaded Objects now: 3809.
Memory consumption went from 125.5 MB to 124.2 MB.
Total: 6.542000 ms (FindLiveObjects: 0.311500 ms CreateObjectMapping: 0.193400 ms MarkObjects: 5.646300 ms  DeleteObjects: 0.389500 ms)

AssetImportParameters requested are different than current active one (requested -> active):
  custom:video-decoder-ogg-theora: a1e56fd34408186e4bbccfd4996cb3dc -> 
  custom:container-muxer-webm: aa71ff27fc2769a1b78a27578f13a17b -> 
  custom:container-demuxer-webm: 4f35f7cbe854078d1ac9338744f61a02 -> 
  custom:video-encoder-webm-vp8: eb34c28f22e8b96e1ab97ce403110664 -> 
  custom:audio-encoder-webm-vorbis: bf7c407c2cedff20999df2af8eb42d56 -> 
  custom:framework-win-MediaFoundation: 216162199b28c13a410421893ffa2e32 -> 
  custom:container-demuxer-ogg: 62fdf1f143b41e24485cea50d1cbac27 -> 
  custom:video-decoder-webm-vp8: 9c59270c3fd7afecdb556c50c9e8de78 -> 
  custom:audio-decoder-ogg-vorbis: bf7c407c2cedff20999df2af8eb42d56 -> 
========================================================================
Received Import Request.
  Time since last request: 308.180323 seconds.
  path: Assets/Arkham Interactive/Toony/Skies/Materials/BlueSky01_CubeMap.mat
  artifactKey: Guid(4c38d6fccf031f147975922d9695236a) Importer(815301076,1909f56bfc062723c751e8b465ee728b)
Start importing Assets/Arkham Interactive/Toony/Skies/Materials/BlueSky01_CubeMap.mat using Guid(4c38d6fccf031f147975922d9695236a) Importer(815301076,1909f56bfc062723c751e8b465ee728b)  -> (artifact id: 'e430f423fd1a5b13de28cc4a95ac8725') in 0.619537 seconds 
========================================================================
Received Import Request.
  Time since last request: 0.000108 seconds.
  path: Assets/Arkham Interactive/Toony/Skies/Materials/StormySky_mobile.mat
  artifactKey: Guid(10b2cc2d531a6f84eb975fd25b11d22f) Importer(815301076,1909f56bfc062723c751e8b465ee728b)
Start importing Assets/Arkham Interactive/Toony/Skies/Materials/StormySky_mobile.mat using Guid(10b2cc2d531a6f84eb975fd25b11d22f) Importer(815301076,1909f56bfc062723c751e8b465ee728b)  -> (artifact id: '2870a80c79870af120c7110b33928d53') in 0.640769 seconds 
========================================================================
Received Import Request.
  Time since last request: 0.000039 seconds.
  path: Assets/Arkham Interactive/Toony/Skies/Materials/BlueSky02_CubeMap.mat
  artifactKey: Guid(fa15184d0d280694b9b0c0bbf916e037) Importer(815301076,1909f56bfc062723c751e8b465ee728b)
Start importing Assets/Arkham Interactive/Toony/Skies/Materials/BlueSky02_CubeMap.mat using Guid(fa15184d0d280694b9b0c0bbf916e037) Importer(815301076,1909f56bfc062723c751e8b465ee728b)  -> (artifact id: '1e474b5fb5430fd921f0fa2a1e05add2') in 0.270838 seconds 
========================================================================
Received Import Request.
  Time since last request: 0.000033 seconds.
  path: Assets/Arkham Interactive/Toony/Skies/Materials/StormySky.mat
  artifactKey: Guid(046d04b5759b3f446ab7d5dc4bc3c273) Importer(815301076,1909f56bfc062723c751e8b465ee728b)
Start importing Assets/Arkham Interactive/Toony/Skies/Materials/StormySky.mat using Guid(046d04b5759b3f446ab7d5dc4bc3c273) Importer(815301076,1909f56bfc062723c751e8b465ee728b)  -> (artifact id: '7bb8643e2b92a99b9218e2e2ccfce0fb') in 0.075724 seconds 
========================================================================
Received Import Request.
  Time since last request: 0.000195 seconds.
  path: Assets/Arkham Interactive/Toony/Skies/Materials/PinkSunset02.mat
  artifactKey: Guid(528db8e57a62422459493b7484b882f7) Importer(815301076,1909f56bfc062723c751e8b465ee728b)
Start importing Assets/Arkham Interactive/Toony/Skies/Materials/PinkSunset02.mat using Guid(528db8e57a62422459493b7484b882f7) Importer(815301076,1909f56bfc062723c751e8b465ee728b)  -> (artifact id: '7aa815808e682b456839f07fe2d32ecc') in 0.154013 seconds 
========================================================================
Received Import Request.
  Time since last request: 0.000031 seconds.
  path: Assets/Arkham Interactive/Toony/Skies/Materials/BlueSky02.mat
  artifactKey: Guid(66204a2dd537858438bc1c57b0c90836) Importer(815301076,1909f56bfc062723c751e8b465ee728b)
Start importing Assets/Arkham Interactive/Toony/Skies/Materials/BlueSky02.mat using Guid(66204a2dd537858438bc1c57b0c90836) Importer(815301076,1909f56bfc062723c751e8b465ee728b)  -> (artifact id: '5999e7b787c94e4dcd2ebae4af46e1aa') in 0.084448 seconds 
========================================================================
Received Import Request.
  Time since last request: 0.000075 seconds.
  path: Assets/Arkham Interactive/Toony/Skies/Materials/GoldenHorizon.mat
  artifactKey: Guid(071977f859826fd46b45ae7e24c3bdbf) Importer(815301076,1909f56bfc062723c751e8b465ee728b)
Start importing Assets/Arkham Interactive/Toony/Skies/Materials/GoldenHorizon.mat using Guid(071977f859826fd46b45ae7e24c3bdbf) Importer(815301076,1909f56bfc062723c751e8b465ee728b)  -> (artifact id: '9965a70924439ab6aa5cde0b6d4df5d3') in 0.087993 seconds 
========================================================================
Received Import Request.
  Time since last request: 0.000276 seconds.
  path: Assets/Arkham Interactive/Toony/Skies/Materials/PinkSunset01.mat
  artifactKey: Guid(caf4f12b72f38f846b2f970c5a911b4f) Importer(815301076,1909f56bfc062723c751e8b465ee728b)
Start importing Assets/Arkham Interactive/Toony/Skies/Materials/PinkSunset01.mat using Guid(caf4f12b72f38f846b2f970c5a911b4f) Importer(815301076,1909f56bfc062723c751e8b465ee728b)  -> (artifact id: '08b9a20154d08d5bcc9af66d594643c6') in 0.079697 seconds 
========================================================================
Received Import Request.
  Time since last request: 0.000082 seconds.
  path: Assets/Arkham Interactive/Toony/Skies/Materials/GoldenHorizon_mobile.mat
  artifactKey: Guid(7f6262d2b85b14747a6e44fce38c63b9) Importer(815301076,1909f56bfc062723c751e8b465ee728b)
Start importing Assets/Arkham Interactive/Toony/Skies/Materials/GoldenHorizon_mobile.mat using Guid(7f6262d2b85b14747a6e44fce38c63b9) Importer(815301076,1909f56bfc062723c751e8b465ee728b)  -> (artifact id: '845a5ac9f61922c4a8729f7e4871def7') in 0.068938 seconds 
========================================================================
Received Import Request.
  Time since last request: 0.000040 seconds.
  path: Assets/Arkham Interactive/Toony/Skies/Materials/BrightMorning_mobile.mat
  artifactKey: Guid(197a0928386bb034a897e9574dcac965) Importer(815301076,1909f56bfc062723c751e8b465ee728b)
Start importing Assets/Arkham Interactive/Toony/Skies/Materials/BrightMorning_mobile.mat using Guid(197a0928386bb034a897e9574dcac965) Importer(815301076,1909f56bfc062723c751e8b465ee728b)  -> (artifact id: '999f7ae01503023e01c1df9e3c7824d3') in 0.066200 seconds 
========================================================================
Received Import Request.
  Time since last request: 0.000078 seconds.
  path: Assets/Arkham Interactive/Toony/Skies/Materials/BlueSky02_mobile.mat
  artifactKey: Guid(fade81b8222df8d438165ac92d476d97) Importer(815301076,1909f56bfc062723c751e8b465ee728b)
Start importing Assets/Arkham Interactive/Toony/Skies/Materials/BlueSky02_mobile.mat using Guid(fade81b8222df8d438165ac92d476d97) Importer(815301076,1909f56bfc062723c751e8b465ee728b)  -> (artifact id: '9064b6d74b8d69472b3fb03515d70486') in 0.074334 seconds 
========================================================================
Received Import Request.
  Time since last request: 0.000046 seconds.
  path: Assets/Arkham Interactive/Toony/Skies/Materials/PinkSunset01_mobile.mat
  artifactKey: Guid(92ea04747879c3f4db0f914847d6a400) Importer(815301076,1909f56bfc062723c751e8b465ee728b)
Start importing Assets/Arkham Interactive/Toony/Skies/Materials/PinkSunset01_mobile.mat using Guid(92ea04747879c3f4db0f914847d6a400) Importer(815301076,1909f56bfc062723c751e8b465ee728b)  -> (artifact id: 'e43f8be5121c77175599a56323c57eae') in 0.080560 seconds 
========================================================================
Received Import Request.
  Time since last request: 0.000040 seconds.
  path: Assets/Arkham Interactive/Toony/Skies/Materials/PinkSunset02_mobile.mat
  artifactKey: Guid(790b0e76a2dc7be47abfabb1d3d99aaf) Importer(815301076,1909f56bfc062723c751e8b465ee728b)
Start importing Assets/Arkham Interactive/Toony/Skies/Materials/PinkSunset02_mobile.mat using Guid(790b0e76a2dc7be47abfabb1d3d99aaf) Importer(815301076,1909f56bfc062723c751e8b465ee728b)  -> (artifact id: '10fb21da8e95dc6201117a3d9fbcc9be') in 0.077350 seconds 
========================================================================
Received Import Request.
  Time since last request: 0.000023 seconds.
  path: Assets/Arkham Interactive/Toony/Skies/Materials/MoodySunrise02_mobile.mat
  artifactKey: Guid(d38b94569e6ecde4092b59234b4d3abd) Importer(815301076,1909f56bfc062723c751e8b465ee728b)
Start importing Assets/Arkham Interactive/Toony/Skies/Materials/MoodySunrise02_mobile.mat using Guid(d38b94569e6ecde4092b59234b4d3abd) Importer(815301076,1909f56bfc062723c751e8b465ee728b)  -> (artifact id: 'a8209f3031ad334379bfc8b28dfd5ba5') in 0.074843 seconds 
========================================================================
Received Import Request.
  Time since last request: 0.000031 seconds.
  path: Assets/Arkham Interactive/Toony/Skies/Materials/GoldenHorizon_CubeMap.mat
  artifactKey: Guid(5704139db67bef94a8831d6934524f72) Importer(815301076,1909f56bfc062723c751e8b465ee728b)
Start importing Assets/Arkham Interactive/Toony/Skies/Materials/GoldenHorizon_CubeMap.mat using Guid(5704139db67bef94a8831d6934524f72) Importer(815301076,1909f56bfc062723c751e8b465ee728b)  -> (artifact id: '0b9ffbba6d7814f8a9e708c8c3a99a71') in 0.287531 seconds 
========================================================================
Received Import Request.
  Time since last request: 0.000088 seconds.
  path: Assets/Arkham Interactive/Toony/Skies/Materials/MoodySunrise02.mat
  artifactKey: Guid(4c814e746e6cf4643aac18643f529320) Importer(815301076,1909f56bfc062723c751e8b465ee728b)
Start importing Assets/Arkham Interactive/Toony/Skies/Materials/MoodySunrise02.mat using Guid(4c814e746e6cf4643aac18643f529320) Importer(815301076,1909f56bfc062723c751e8b465ee728b)  -> (artifact id: 'b45e552f9f131206324ed912b876735f') in 0.076411 seconds 
========================================================================
Received Prepare
Registering precompiled user dll's ...
Registered in 0.013610 seconds.
Begin MonoManager ReloadAssembly
Symbol file LoadedFromMemory doesn't match image E:\GitHub\Alice\AliceProject\Library\PackageCache\com.unity.visualscripting@1.8.0\Editor\VisualScripting.Core\Dependencies\YamlDotNet\Unity.VisualScripting.YamlDotNet.dll
Symbol file LoadedFromMemory doesn't match image E:\GitHub\Alice\AliceProject\Library\PackageCache\com.unity.visualscripting@1.8.0\Editor\VisualScripting.Core\Dependencies\DotNetZip\Unity.VisualScripting.IonicZip.dll
Native extension for WindowsStandalone target not found
Refreshing native plugins compatible for Editor in 0.92 ms, found 5 plugins.
Preloading 0 native plugins for Editor in 0.00 ms.
Mono: successfully reloaded assembly
- Completed reload, in  4.380 seconds
Domain Reload Profiling:
	ReloadAssembly (4384ms)
		BeginReloadAssembly (1441ms)
			ExecutionOrderSort (0ms)
			DisableScriptedObjects (29ms)
			BackupInstance (0ms)
			ReleaseScriptingObjects (1ms)
			CreateAndSetChildDomain (267ms)
		EndReloadAssembly (2036ms)
			LoadAssemblies (1052ms)
			RebuildTransferFunctionScriptingTraits (0ms)
			SetupTypeCache (960ms)
			ReleaseScriptCaches (6ms)
			RebuildScriptCaches (131ms)
			SetupLoadedEditorAssemblies (480ms)
				LogAssemblyErrors (0ms)
				InitializePlatformSupportModulesInManaged (8ms)
				SetLoadedEditorAssemblies (1ms)
				RefreshPlugins (1ms)
				BeforeProcessingInitializeOnLoad (108ms)
				ProcessInitializeOnLoadAttributes (323ms)
				ProcessInitializeOnLoadMethodAttributes (30ms)
				AfterProcessingInitializeOnLoad (8ms)
				EditorAssembliesLoaded (1ms)
			ExecutionOrderSort2 (0ms)
			AwakeInstancesAfterBackupRestoration (28ms)
Platform modules already initialized, skipping
Refreshing native plugins compatible for Editor in 7.91 ms, found 5 plugins.
Preloading 0 native plugins for Editor in 0.00 ms.
Unloading 3309 Unused Serialized files (Serialized files now loaded: 0)
Unloading 32 unused Assets / (1.3 MB). Loaded Objects now: 3852.
Memory consumption went from 127.9 MB to 126.6 MB.
Total: 6.924700 ms (FindLiveObjects: 0.901300 ms CreateObjectMapping: 0.691900 ms MarkObjects: 4.938800 ms  DeleteObjects: 0.385200 ms)

AssetImportParameters requested are different than current active one (requested -> active):
  custom:video-decoder-ogg-theora: a1e56fd34408186e4bbccfd4996cb3dc -> 
  custom:container-muxer-webm: aa71ff27fc2769a1b78a27578f13a17b -> 
  custom:container-demuxer-webm: 4f35f7cbe854078d1ac9338744f61a02 -> 
  custom:video-encoder-webm-vp8: eb34c28f22e8b96e1ab97ce403110664 -> 
  custom:audio-encoder-webm-vorbis: bf7c407c2cedff20999df2af8eb42d56 -> 
  custom:framework-win-MediaFoundation: 216162199b28c13a410421893ffa2e32 -> 
  custom:container-demuxer-ogg: 62fdf1f143b41e24485cea50d1cbac27 -> 
  custom:video-decoder-webm-vp8: 9c59270c3fd7afecdb556c50c9e8de78 -> 
  custom:audio-decoder-ogg-vorbis: bf7c407c2cedff20999df2af8eb42d56 -> 
========================================================================
Received Prepare
Registering precompiled user dll's ...
Registered in 0.012305 seconds.
Begin MonoManager ReloadAssembly
Symbol file LoadedFromMemory doesn't match image E:\GitHub\Alice\AliceProject\Library\PackageCache\com.unity.visualscripting@1.8.0\Editor\VisualScripting.Core\Dependencies\YamlDotNet\Unity.VisualScripting.YamlDotNet.dll
Symbol file LoadedFromMemory doesn't match image E:\GitHub\Alice\AliceProject\Library\PackageCache\com.unity.visualscripting@1.8.0\Editor\VisualScripting.Core\Dependencies\DotNetZip\Unity.VisualScripting.IonicZip.dll
Native extension for WindowsStandalone target not found
Refreshing native plugins compatible for Editor in 0.92 ms, found 5 plugins.
Preloading 0 native plugins for Editor in 0.00 ms.
Mono: successfully reloaded assembly
- Completed reload, in  6.796 seconds
Domain Reload Profiling:
	ReloadAssembly (6798ms)
		BeginReloadAssembly (2237ms)
			ExecutionOrderSort (0ms)
			DisableScriptedObjects (11ms)
			BackupInstance (0ms)
			ReleaseScriptingObjects (0ms)
			CreateAndSetChildDomain (215ms)
		EndReloadAssembly (2936ms)
			LoadAssemblies (2429ms)
			RebuildTransferFunctionScriptingTraits (0ms)
			SetupTypeCache (1206ms)
			ReleaseScriptCaches (6ms)
			RebuildScriptCaches (330ms)
			SetupLoadedEditorAssemblies (567ms)
				LogAssemblyErrors (0ms)
				InitializePlatformSupportModulesInManaged (8ms)
				SetLoadedEditorAssemblies (2ms)
				RefreshPlugins (1ms)
				BeforeProcessingInitializeOnLoad (133ms)
				ProcessInitializeOnLoadAttributes (380ms)
				ProcessInitializeOnLoadMethodAttributes (36ms)
				AfterProcessingInitializeOnLoad (6ms)
				EditorAssembliesLoaded (0ms)
			ExecutionOrderSort2 (0ms)
			AwakeInstancesAfterBackupRestoration (32ms)
Platform modules already initialized, skipping
Refreshing native plugins compatible for Editor in 3.24 ms, found 5 plugins.
Preloading 0 native plugins for Editor in 0.00 ms.
Unloading 3309 Unused Serialized files (Serialized files now loaded: 0)
Unloading 32 unused Assets / (1.3 MB). Loaded Objects now: 3855.
Memory consumption went from 128.0 MB to 126.7 MB.
Total: 6.819800 ms (FindLiveObjects: 0.505000 ms CreateObjectMapping: 0.181000 ms MarkObjects: 5.623600 ms  DeleteObjects: 0.508500 ms)

AssetImportParameters requested are different than current active one (requested -> active):
  custom:video-decoder-ogg-theora: a1e56fd34408186e4bbccfd4996cb3dc -> 
  custom:container-muxer-webm: aa71ff27fc2769a1b78a27578f13a17b -> 
  custom:container-demuxer-webm: 4f35f7cbe854078d1ac9338744f61a02 -> 
  custom:video-encoder-webm-vp8: eb34c28f22e8b96e1ab97ce403110664 -> 
  custom:audio-encoder-webm-vorbis: bf7c407c2cedff20999df2af8eb42d56 -> 
  custom:framework-win-MediaFoundation: 216162199b28c13a410421893ffa2e32 -> 
  custom:container-demuxer-ogg: 62fdf1f143b41e24485cea50d1cbac27 -> 
  custom:video-decoder-webm-vp8: 9c59270c3fd7afecdb556c50c9e8de78 -> 
  custom:audio-decoder-ogg-vorbis: bf7c407c2cedff20999df2af8eb42d56 -> 
========================================================================
Received Prepare
Registering precompiled user dll's ...
Registered in 0.010158 seconds.
Begin MonoManager ReloadAssembly
Symbol file LoadedFromMemory doesn't match image E:\GitHub\Alice\AliceProject\Library\PackageCache\com.unity.visualscripting@1.8.0\Editor\VisualScripting.Core\Dependencies\YamlDotNet\Unity.VisualScripting.YamlDotNet.dll
Symbol file LoadedFromMemory doesn't match image E:\GitHub\Alice\AliceProject\Library\PackageCache\com.unity.visualscripting@1.8.0\Editor\VisualScripting.Core\Dependencies\DotNetZip\Unity.VisualScripting.IonicZip.dll
Native extension for WindowsStandalone target not found
Refreshing native plugins compatible for Editor in 2.50 ms, found 5 plugins.
Preloading 0 native plugins for Editor in 0.00 ms.
Mono: successfully reloaded assembly
- Completed reload, in  5.071 seconds
Domain Reload Profiling:
	ReloadAssembly (5073ms)
		BeginReloadAssembly (1061ms)
			ExecutionOrderSort (0ms)
			DisableScriptedObjects (8ms)
			BackupInstance (0ms)
			ReleaseScriptingObjects (0ms)
			CreateAndSetChildDomain (218ms)
		EndReloadAssembly (3285ms)
			LoadAssemblies (1132ms)
			RebuildTransferFunctionScriptingTraits (0ms)
			SetupTypeCache (1619ms)
			ReleaseScriptCaches (3ms)
			RebuildScriptCaches (84ms)
			SetupLoadedEditorAssemblies (972ms)
				LogAssemblyErrors (0ms)
				InitializePlatformSupportModulesInManaged (10ms)
				SetLoadedEditorAssemblies (1ms)
				RefreshPlugins (3ms)
				BeforeProcessingInitializeOnLoad (223ms)
				ProcessInitializeOnLoadAttributes (693ms)
				ProcessInitializeOnLoadMethodAttributes (35ms)
				AfterProcessingInitializeOnLoad (7ms)
				EditorAssembliesLoaded (0ms)
			ExecutionOrderSort2 (0ms)
			AwakeInstancesAfterBackupRestoration (37ms)
Platform modules already initialized, skipping
Refreshing native plugins compatible for Editor in 3.88 ms, found 5 plugins.
Preloading 0 native plugins for Editor in 0.00 ms.
Unloading 3309 Unused Serialized files (Serialized files now loaded: 0)
Unloading 32 unused Assets / (1.3 MB). Loaded Objects now: 3858.
Memory consumption went from 128.0 MB to 126.7 MB.
Total: 4.581600 ms (FindLiveObjects: 0.339000 ms CreateObjectMapping: 0.189300 ms MarkObjects: 3.722800 ms  DeleteObjects: 0.329000 ms)

AssetImportParameters requested are different than current active one (requested -> active):
  custom:video-decoder-ogg-theora: a1e56fd34408186e4bbccfd4996cb3dc -> 
  custom:container-muxer-webm: aa71ff27fc2769a1b78a27578f13a17b -> 
  custom:container-demuxer-webm: 4f35f7cbe854078d1ac9338744f61a02 -> 
  custom:video-encoder-webm-vp8: eb34c28f22e8b96e1ab97ce403110664 -> 
  custom:audio-encoder-webm-vorbis: bf7c407c2cedff20999df2af8eb42d56 -> 
  custom:framework-win-MediaFoundation: 216162199b28c13a410421893ffa2e32 -> 
  custom:container-demuxer-ogg: 62fdf1f143b41e24485cea50d1cbac27 -> 
  custom:video-decoder-webm-vp8: 9c59270c3fd7afecdb556c50c9e8de78 -> 
  custom:audio-decoder-ogg-vorbis: bf7c407c2cedff20999df2af8eb42d56 -> 
========================================================================
Received Prepare
Registering precompiled user dll's ...
Registered in 0.011297 seconds.
Begin MonoManager ReloadAssembly
Symbol file LoadedFromMemory doesn't match image E:\GitHub\Alice\AliceProject\Library\PackageCache\com.unity.visualscripting@1.8.0\Editor\VisualScripting.Core\Dependencies\YamlDotNet\Unity.VisualScripting.YamlDotNet.dll
Symbol file LoadedFromMemory doesn't match image E:\GitHub\Alice\AliceProject\Library\PackageCache\com.unity.visualscripting@1.8.0\Editor\VisualScripting.Core\Dependencies\DotNetZip\Unity.VisualScripting.IonicZip.dll
Native extension for WindowsStandalone target not found
Refreshing native plugins compatible for Editor in 3.05 ms, found 5 plugins.
Preloading 0 native plugins for Editor in 0.00 ms.
Mono: successfully reloaded assembly
- Completed reload, in  3.681 seconds
Domain Reload Profiling:
	ReloadAssembly (3682ms)
		BeginReloadAssembly (411ms)
			ExecutionOrderSort (0ms)
			DisableScriptedObjects (10ms)
			BackupInstance (0ms)
			ReleaseScriptingObjects (0ms)
			CreateAndSetChildDomain (83ms)
		EndReloadAssembly (2807ms)
			LoadAssemblies (610ms)
			RebuildTransferFunctionScriptingTraits (0ms)
			SetupTypeCache (1230ms)
			ReleaseScriptCaches (4ms)
			RebuildScriptCaches (223ms)
			SetupLoadedEditorAssemblies (655ms)
				LogAssemblyErrors (0ms)
				InitializePlatformSupportModulesInManaged (20ms)
				SetLoadedEditorAssemblies (1ms)
				RefreshPlugins (4ms)
				BeforeProcessingInitializeOnLoad (184ms)
				ProcessInitializeOnLoadAttributes (408ms)
				ProcessInitializeOnLoadMethodAttributes (32ms)
				AfterProcessingInitializeOnLoad (6ms)
				EditorAssembliesLoaded (0ms)
			ExecutionOrderSort2 (0ms)
			AwakeInstancesAfterBackupRestoration (36ms)
Platform modules already initialized, skipping
Refreshing native plugins compatible for Editor in 2.74 ms, found 5 plugins.
Preloading 0 native plugins for Editor in 0.00 ms.
Unloading 3309 Unused Serialized files (Serialized files now loaded: 0)
Unloading 32 unused Assets / (1.3 MB). Loaded Objects now: 3861.
Memory consumption went from 128.0 MB to 126.7 MB.
Total: 6.313700 ms (FindLiveObjects: 0.346500 ms CreateObjectMapping: 0.211400 ms MarkObjects: 5.331900 ms  DeleteObjects: 0.422200 ms)

AssetImportParameters requested are different than current active one (requested -> active):
  custom:video-decoder-ogg-theora: a1e56fd34408186e4bbccfd4996cb3dc -> 
  custom:container-muxer-webm: aa71ff27fc2769a1b78a27578f13a17b -> 
  custom:container-demuxer-webm: 4f35f7cbe854078d1ac9338744f61a02 -> 
  custom:video-encoder-webm-vp8: eb34c28f22e8b96e1ab97ce403110664 -> 
  custom:audio-encoder-webm-vorbis: bf7c407c2cedff20999df2af8eb42d56 -> 
  custom:framework-win-MediaFoundation: 216162199b28c13a410421893ffa2e32 -> 
  custom:container-demuxer-ogg: 62fdf1f143b41e24485cea50d1cbac27 -> 
  custom:video-decoder-webm-vp8: 9c59270c3fd7afecdb556c50c9e8de78 -> 
  custom:audio-decoder-ogg-vorbis: bf7c407c2cedff20999df2af8eb42d56 -> 
========================================================================
Received Prepare
Registering precompiled user dll's ...
Registered in 0.044029 seconds.
Begin MonoManager ReloadAssembly
Symbol file LoadedFromMemory doesn't match image E:\GitHub\Alice\AliceProject\Library\PackageCache\com.unity.visualscripting@1.8.0\Editor\VisualScripting.Core\Dependencies\YamlDotNet\Unity.VisualScripting.YamlDotNet.dll
Symbol file LoadedFromMemory doesn't match image E:\GitHub\Alice\AliceProject\Library\PackageCache\com.unity.visualscripting@1.8.0\Editor\VisualScripting.Core\Dependencies\DotNetZip\Unity.VisualScripting.IonicZip.dll
Native extension for WindowsStandalone target not found
Refreshing native plugins compatible for Editor in 2.27 ms, found 5 plugins.
Preloading 0 native plugins for Editor in 0.00 ms.
Mono: successfully reloaded assembly
- Completed reload, in  8.480 seconds
Domain Reload Profiling:
	ReloadAssembly (8483ms)
		BeginReloadAssembly (1260ms)
			ExecutionOrderSort (0ms)
			DisableScriptedObjects (31ms)
			BackupInstance (0ms)
			ReleaseScriptingObjects (0ms)
			CreateAndSetChildDomain (268ms)
		EndReloadAssembly (6134ms)
			LoadAssemblies (982ms)
			RebuildTransferFunctionScriptingTraits (0ms)
			SetupTypeCache (2569ms)
			ReleaseScriptCaches (6ms)
			RebuildScriptCaches (526ms)
			SetupLoadedEditorAssemblies (2121ms)
				LogAssemblyErrors (0ms)
				InitializePlatformSupportModulesInManaged (11ms)
				SetLoadedEditorAssemblies (4ms)
				RefreshPlugins (2ms)
				BeforeProcessingInitializeOnLoad (277ms)
				ProcessInitializeOnLoadAttributes (1692ms)
				ProcessInitializeOnLoadMethodAttributes (111ms)
				AfterProcessingInitializeOnLoad (23ms)
				EditorAssembliesLoaded (1ms)
			ExecutionOrderSort2 (0ms)
			AwakeInstancesAfterBackupRestoration (165ms)
Platform modules already initialized, skipping
Refreshing native plugins compatible for Editor in 9.98 ms, found 5 plugins.
Preloading 0 native plugins for Editor in 0.00 ms.
Unloading 3310 Unused Serialized files (Serialized files now loaded: 0)
Unloading 32 unused Assets / (1.3 MB). Loaded Objects now: 3865.
Memory consumption went from 128.0 MB to 126.7 MB.
Total: 6.322400 ms (FindLiveObjects: 0.439000 ms CreateObjectMapping: 0.293000 ms MarkObjects: 4.636000 ms  DeleteObjects: 0.952900 ms)

AssetImportParameters requested are different than current active one (requested -> active):
  custom:video-decoder-ogg-theora: a1e56fd34408186e4bbccfd4996cb3dc -> 
  custom:container-muxer-webm: aa71ff27fc2769a1b78a27578f13a17b -> 
  custom:container-demuxer-webm: 4f35f7cbe854078d1ac9338744f61a02 -> 
  custom:video-encoder-webm-vp8: eb34c28f22e8b96e1ab97ce403110664 -> 
  custom:audio-encoder-webm-vorbis: bf7c407c2cedff20999df2af8eb42d56 -> 
  custom:framework-win-MediaFoundation: 216162199b28c13a410421893ffa2e32 -> 
  custom:container-demuxer-ogg: 62fdf1f143b41e24485cea50d1cbac27 -> 
  custom:video-decoder-webm-vp8: 9c59270c3fd7afecdb556c50c9e8de78 -> 
  custom:audio-decoder-ogg-vorbis: bf7c407c2cedff20999df2af8eb42d56 -> 
========================================================================
Received Prepare
Registering precompiled user dll's ...
Registered in 0.013383 seconds.
Begin MonoManager ReloadAssembly
Symbol file LoadedFromMemory doesn't match image E:\GitHub\Alice\AliceProject\Library\PackageCache\com.unity.visualscripting@1.8.0\Editor\VisualScripting.Core\Dependencies\YamlDotNet\Unity.VisualScripting.YamlDotNet.dll
Symbol file LoadedFromMemory doesn't match image E:\GitHub\Alice\AliceProject\Library\PackageCache\com.unity.visualscripting@1.8.0\Editor\VisualScripting.Core\Dependencies\DotNetZip\Unity.VisualScripting.IonicZip.dll
Native extension for WindowsStandalone target not found
Refreshing native plugins compatible for Editor in 1.04 ms, found 5 plugins.
Preloading 0 native plugins for Editor in 0.00 ms.
Mono: successfully reloaded assembly
- Completed reload, in  2.773 seconds
Domain Reload Profiling:
	ReloadAssembly (2780ms)
		BeginReloadAssembly (857ms)
			ExecutionOrderSort (0ms)
			DisableScriptedObjects (44ms)
			BackupInstance (0ms)
			ReleaseScriptingObjects (0ms)
			CreateAndSetChildDomain (221ms)
		EndReloadAssembly (1666ms)
			LoadAssemblies (424ms)
			RebuildTransferFunctionScriptingTraits (0ms)
			SetupTypeCache (656ms)
			ReleaseScriptCaches (2ms)
			RebuildScriptCaches (106ms)
			SetupLoadedEditorAssemblies (618ms)
				LogAssemblyErrors (0ms)
				InitializePlatformSupportModulesInManaged (8ms)
				SetLoadedEditorAssemblies (1ms)
				RefreshPlugins (1ms)
				BeforeProcessingInitializeOnLoad (113ms)
				ProcessInitializeOnLoadAttributes (444ms)
				ProcessInitializeOnLoadMethodAttributes (41ms)
				AfterProcessingInitializeOnLoad (10ms)
				EditorAssembliesLoaded (0ms)
			ExecutionOrderSort2 (0ms)
			AwakeInstancesAfterBackupRestoration (37ms)
Platform modules already initialized, skipping
Refreshing native plugins compatible for Editor in 5.37 ms, found 5 plugins.
Preloading 0 native plugins for Editor in 0.00 ms.
Unloading 3310 Unused Serialized files (Serialized files now loaded: 0)
Unloading 32 unused Assets / (1.3 MB). Loaded Objects now: 3868.
Memory consumption went from 128.0 MB to 126.7 MB.
Total: 10.984900 ms (FindLiveObjects: 0.353300 ms CreateObjectMapping: 0.501400 ms MarkObjects: 9.514900 ms  DeleteObjects: 0.613900 ms)

AssetImportParameters requested are different than current active one (requested -> active):
  custom:video-decoder-ogg-theora: a1e56fd34408186e4bbccfd4996cb3dc -> 
  custom:container-muxer-webm: aa71ff27fc2769a1b78a27578f13a17b -> 
  custom:container-demuxer-webm: 4f35f7cbe854078d1ac9338744f61a02 -> 
  custom:video-encoder-webm-vp8: eb34c28f22e8b96e1ab97ce403110664 -> 
  custom:audio-encoder-webm-vorbis: bf7c407c2cedff20999df2af8eb42d56 -> 
  custom:framework-win-MediaFoundation: 216162199b28c13a410421893ffa2e32 -> 
  custom:container-demuxer-ogg: 62fdf1f143b41e24485cea50d1cbac27 -> 
  custom:video-decoder-webm-vp8: 9c59270c3fd7afecdb556c50c9e8de78 -> 
  custom:audio-decoder-ogg-vorbis: bf7c407c2cedff20999df2af8eb42d56 -> 
========================================================================
Received Prepare
Registering precompiled user dll's ...
Registered in 0.011135 seconds.
Begin MonoManager ReloadAssembly
Symbol file LoadedFromMemory doesn't match image E:\GitHub\Alice\AliceProject\Library\PackageCache\com.unity.visualscripting@1.8.0\Editor\VisualScripting.Core\Dependencies\YamlDotNet\Unity.VisualScripting.YamlDotNet.dll
Symbol file LoadedFromMemory doesn't match image E:\GitHub\Alice\AliceProject\Library\PackageCache\com.unity.visualscripting@1.8.0\Editor\VisualScripting.Core\Dependencies\DotNetZip\Unity.VisualScripting.IonicZip.dll
Native extension for WindowsStandalone target not found
Refreshing native plugins compatible for Editor in 0.87 ms, found 5 plugins.
Preloading 0 native plugins for Editor in 0.00 ms.
Mono: successfully reloaded assembly
- Completed reload, in  1.913 seconds
Domain Reload Profiling:
	ReloadAssembly (1914ms)
		BeginReloadAssembly (284ms)
			ExecutionOrderSort (0ms)
			DisableScriptedObjects (10ms)
			BackupInstance (0ms)
			ReleaseScriptingObjects (0ms)
			CreateAndSetChildDomain (54ms)
		EndReloadAssembly (1449ms)
			LoadAssemblies (238ms)
			RebuildTransferFunctionScriptingTraits (0ms)
			SetupTypeCache (561ms)
			ReleaseScriptCaches (3ms)
			RebuildScriptCaches (81ms)
			SetupLoadedEditorAssemblies (556ms)
				LogAssemblyErrors (0ms)
				InitializePlatformSupportModulesInManaged (7ms)
				SetLoadedEditorAssemblies (1ms)
				RefreshPlugins (1ms)
				BeforeProcessingInitializeOnLoad (111ms)
				ProcessInitializeOnLoadAttributes (395ms)
				ProcessInitializeOnLoadMethodAttributes (36ms)
				AfterProcessingInitializeOnLoad (5ms)
				EditorAssembliesLoaded (0ms)
			ExecutionOrderSort2 (0ms)
			AwakeInstancesAfterBackupRestoration (27ms)
Platform modules already initialized, skipping
Refreshing native plugins compatible for Editor in 4.10 ms, found 5 plugins.
Preloading 0 native plugins for Editor in 0.00 ms.
Unloading 3310 Unused Serialized files (Serialized files now loaded: 0)
Unloading 32 unused Assets / (1.3 MB). Loaded Objects now: 3871.
Memory consumption went from 128.0 MB to 126.7 MB.
Total: 7.072500 ms (FindLiveObjects: 0.443800 ms CreateObjectMapping: 0.438700 ms MarkObjects: 5.854400 ms  DeleteObjects: 0.334200 ms)

AssetImportParameters requested are different than current active one (requested -> active):
  custom:video-decoder-ogg-theora: a1e56fd34408186e4bbccfd4996cb3dc -> 
  custom:container-muxer-webm: aa71ff27fc2769a1b78a27578f13a17b -> 
  custom:container-demuxer-webm: 4f35f7cbe854078d1ac9338744f61a02 -> 
  custom:video-encoder-webm-vp8: eb34c28f22e8b96e1ab97ce403110664 -> 
  custom:audio-encoder-webm-vorbis: bf7c407c2cedff20999df2af8eb42d56 -> 
  custom:framework-win-MediaFoundation: 216162199b28c13a410421893ffa2e32 -> 
  custom:container-demuxer-ogg: 62fdf1f143b41e24485cea50d1cbac27 -> 
  custom:video-decoder-webm-vp8: 9c59270c3fd7afecdb556c50c9e8de78 -> 
  custom:audio-decoder-ogg-vorbis: bf7c407c2cedff20999df2af8eb42d56 -> 
========================================================================
Received Prepare
Registering precompiled user dll's ...
Registered in 0.010788 seconds.
Begin MonoManager ReloadAssembly
Symbol file LoadedFromMemory doesn't match image E:\GitHub\Alice\AliceProject\Library\PackageCache\com.unity.visualscripting@1.8.0\Editor\VisualScripting.Core\Dependencies\YamlDotNet\Unity.VisualScripting.YamlDotNet.dll
Symbol file LoadedFromMemory doesn't match image E:\GitHub\Alice\AliceProject\Library\PackageCache\com.unity.visualscripting@1.8.0\Editor\VisualScripting.Core\Dependencies\DotNetZip\Unity.VisualScripting.IonicZip.dll
Native extension for WindowsStandalone target not found
Refreshing native plugins compatible for Editor in 0.92 ms, found 5 plugins.
Preloading 0 native plugins for Editor in 0.00 ms.
Mono: successfully reloaded assembly
- Completed reload, in  1.960 seconds
Domain Reload Profiling:
	ReloadAssembly (1961ms)
		BeginReloadAssembly (296ms)
			ExecutionOrderSort (0ms)
			DisableScriptedObjects (9ms)
			BackupInstance (0ms)
			ReleaseScriptingObjects (0ms)
			CreateAndSetChildDomain (59ms)
		EndReloadAssembly (1384ms)
			LoadAssemblies (294ms)
			RebuildTransferFunctionScriptingTraits (0ms)
			SetupTypeCache (490ms)
			ReleaseScriptCaches (1ms)
			RebuildScriptCaches (79ms)
			SetupLoadedEditorAssemblies (526ms)
				LogAssemblyErrors (0ms)
				InitializePlatformSupportModulesInManaged (7ms)
				SetLoadedEditorAssemblies (1ms)
				RefreshPlugins (1ms)
				BeforeProcessingInitializeOnLoad (113ms)
				ProcessInitializeOnLoadAttributes (368ms)
				ProcessInitializeOnLoadMethodAttributes (29ms)
				AfterProcessingInitializeOnLoad (7ms)
				EditorAssembliesLoaded (0ms)
			ExecutionOrderSort2 (0ms)
			AwakeInstancesAfterBackupRestoration (28ms)
Platform modules already initialized, skipping
Refreshing native plugins compatible for Editor in 8.02 ms, found 5 plugins.
Preloading 0 native plugins for Editor in 0.00 ms.
Unloading 3310 Unused Serialized files (Serialized files now loaded: 0)
Unloading 32 unused Assets / (1.3 MB). Loaded Objects now: 3874.
Memory consumption went from 128.0 MB to 126.7 MB.
Total: 6.763200 ms (FindLiveObjects: 0.458000 ms CreateObjectMapping: 0.240500 ms MarkObjects: 5.015800 ms  DeleteObjects: 1.047100 ms)

AssetImportParameters requested are different than current active one (requested -> active):
  custom:video-decoder-ogg-theora: a1e56fd34408186e4bbccfd4996cb3dc -> 
  custom:container-muxer-webm: aa71ff27fc2769a1b78a27578f13a17b -> 
  custom:container-demuxer-webm: 4f35f7cbe854078d1ac9338744f61a02 -> 
  custom:video-encoder-webm-vp8: eb34c28f22e8b96e1ab97ce403110664 -> 
  custom:audio-encoder-webm-vorbis: bf7c407c2cedff20999df2af8eb42d56 -> 
  custom:framework-win-MediaFoundation: 216162199b28c13a410421893ffa2e32 -> 
  custom:container-demuxer-ogg: 62fdf1f143b41e24485cea50d1cbac27 -> 
  custom:video-decoder-webm-vp8: 9c59270c3fd7afecdb556c50c9e8de78 -> 
  custom:audio-decoder-ogg-vorbis: bf7c407c2cedff20999df2af8eb42d56 -> 
========================================================================
Received Import Request.
  Time since last request: 1817.369976 seconds.
  path: Assets/Vast Outer Space/Materials/Asteroid_B.mat
  artifactKey: Guid(78fa8c6cf8494a8458e481f9665233b4) Importer(815301076,1909f56bfc062723c751e8b465ee728b)
Start importing Assets/Vast Outer Space/Materials/Asteroid_B.mat using Guid(78fa8c6cf8494a8458e481f9665233b4) Importer(815301076,1909f56bfc062723c751e8b465ee728b)  -> (artifact id: '9454709251553dc271635032dd33c7f3') in 0.938195 seconds 
========================================================================
Received Import Request.
  Time since last request: 0.000052 seconds.
  path: Assets/Vast Outer Space/Materials/Asteroid_F.mat
  artifactKey: Guid(cd7d216b7c1e38144b2a126602471ce9) Importer(815301076,1909f56bfc062723c751e8b465ee728b)
Start importing Assets/Vast Outer Space/Materials/Asteroid_F.mat using Guid(cd7d216b7c1e38144b2a126602471ce9) Importer(815301076,1909f56bfc062723c751e8b465ee728b)  -> (artifact id: '4c9d0abb97a4b2091b4965683a7837c5') in 0.076817 seconds 
========================================================================
Received Import Request.
  Time since last request: 0.000092 seconds.
  path: Assets/Vast Outer Space/Materials/Asteroid_G.mat
  artifactKey: Guid(6c9695e1a7b954d4fa05a844fd42cdab) Importer(815301076,1909f56bfc062723c751e8b465ee728b)
Start importing Assets/Vast Outer Space/Materials/Asteroid_G.mat using Guid(6c9695e1a7b954d4fa05a844fd42cdab) Importer(815301076,1909f56bfc062723c751e8b465ee728b)  -> (artifact id: '7aad6443a1b443fd2c04f81fcde085bd') in 0.075874 seconds 
========================================================================
Received Import Request.
  Time since last request: 0.000070 seconds.
  path: Assets/Vast Outer Space/Materials/Black.mat
  artifactKey: Guid(227af8007854ca246a48c2f3edf86a4d) Importer(815301076,1909f56bfc062723c751e8b465ee728b)
Start importing Assets/Vast Outer Space/Materials/Black.mat using Guid(227af8007854ca246a48c2f3edf86a4d) Importer(815301076,1909f56bfc062723c751e8b465ee728b)  -> (artifact id: '514fcbf50cc2c5a55b3351b12364c597') in 0.078612 seconds 
========================================================================
Received Import Request.
  Time since last request: 0.000119 seconds.
  path: Assets/Vast Outer Space/Materials/Asteroid_H.mat
  artifactKey: Guid(b9494279143d56f49a5550c5eb3b0066) Importer(815301076,1909f56bfc062723c751e8b465ee728b)
Start importing Assets/Vast Outer Space/Materials/Asteroid_H.mat using Guid(b9494279143d56f49a5550c5eb3b0066) Importer(815301076,1909f56bfc062723c751e8b465ee728b)  -> (artifact id: '3de467306618ea48c84c508c9ce17a4c') in 0.084730 seconds 
========================================================================
Received Import Request.
  Time since last request: 0.000069 seconds.
  path: Assets/Vast Outer Space/Materials/Asteroid_D.mat
  artifactKey: Guid(535a9a8f731dfd544b3bfd12756e002f) Importer(815301076,1909f56bfc062723c751e8b465ee728b)
Start importing Assets/Vast Outer Space/Materials/Asteroid_D.mat using Guid(535a9a8f731dfd544b3bfd12756e002f) Importer(815301076,1909f56bfc062723c751e8b465ee728b)  -> (artifact id: 'c2b935978aba1fef5183da9284a5400a') in 0.073885 seconds 
========================================================================
Received Prepare
Registering precompiled user dll's ...
Registered in 0.011675 seconds.
Begin MonoManager ReloadAssembly
Symbol file LoadedFromMemory doesn't match image E:\GitHub\Alice\AliceProject\Library\PackageCache\com.unity.visualscripting@1.8.0\Editor\VisualScripting.Core\Dependencies\YamlDotNet\Unity.VisualScripting.YamlDotNet.dll
Symbol file LoadedFromMemory doesn't match image E:\GitHub\Alice\AliceProject\Library\PackageCache\com.unity.visualscripting@1.8.0\Editor\VisualScripting.Core\Dependencies\DotNetZip\Unity.VisualScripting.IonicZip.dll
Native extension for WindowsStandalone target not found
Refreshing native plugins compatible for Editor in 1.35 ms, found 5 plugins.
Preloading 0 native plugins for Editor in 0.00 ms.
Mono: successfully reloaded assembly
- Completed reload, in  2.076 seconds
Domain Reload Profiling:
	ReloadAssembly (2078ms)
		BeginReloadAssembly (334ms)
			ExecutionOrderSort (0ms)
			DisableScriptedObjects (7ms)
			BackupInstance (0ms)
			ReleaseScriptingObjects (0ms)
			CreateAndSetChildDomain (63ms)
		EndReloadAssembly (1442ms)
			LoadAssemblies (321ms)
			RebuildTransferFunctionScriptingTraits (0ms)
			SetupTypeCache (490ms)
			ReleaseScriptCaches (2ms)
			RebuildScriptCaches (121ms)
			SetupLoadedEditorAssemblies (550ms)
				LogAssemblyErrors (0ms)
				InitializePlatformSupportModulesInManaged (11ms)
				SetLoadedEditorAssemblies (1ms)
				RefreshPlugins (1ms)
				BeforeProcessingInitializeOnLoad (97ms)
				ProcessInitializeOnLoadAttributes (401ms)
				ProcessInitializeOnLoadMethodAttributes (31ms)
				AfterProcessingInitializeOnLoad (6ms)
				EditorAssembliesLoaded (0ms)
			ExecutionOrderSort2 (0ms)
			AwakeInstancesAfterBackupRestoration (31ms)
Platform modules already initialized, skipping
Refreshing native plugins compatible for Editor in 6.48 ms, found 5 plugins.
Preloading 0 native plugins for Editor in 0.00 ms.
Unloading 3310 Unused Serialized files (Serialized files now loaded: 0)
Unloading 32 unused Assets / (1.3 MB). Loaded Objects now: 3877.
Memory consumption went from 128.1 MB to 126.8 MB.
Total: 3.550600 ms (FindLiveObjects: 0.314700 ms CreateObjectMapping: 0.224200 ms MarkObjects: 2.711000 ms  DeleteObjects: 0.299700 ms)

AssetImportParameters requested are different than current active one (requested -> active):
  custom:video-decoder-ogg-theora: a1e56fd34408186e4bbccfd4996cb3dc -> 
  custom:container-muxer-webm: aa71ff27fc2769a1b78a27578f13a17b -> 
  custom:container-demuxer-webm: 4f35f7cbe854078d1ac9338744f61a02 -> 
  custom:video-encoder-webm-vp8: eb34c28f22e8b96e1ab97ce403110664 -> 
  custom:audio-encoder-webm-vorbis: bf7c407c2cedff20999df2af8eb42d56 -> 
  custom:framework-win-MediaFoundation: 216162199b28c13a410421893ffa2e32 -> 
  custom:container-demuxer-ogg: 62fdf1f143b41e24485cea50d1cbac27 -> 
  custom:video-decoder-webm-vp8: 9c59270c3fd7afecdb556c50c9e8de78 -> 
  custom:audio-decoder-ogg-vorbis: bf7c407c2cedff20999df2af8eb42d56 -> 
========================================================================
Received Prepare
Registering precompiled user dll's ...
Registered in 0.011806 seconds.
Begin MonoManager ReloadAssembly
Symbol file LoadedFromMemory doesn't match image E:\GitHub\Alice\AliceProject\Library\PackageCache\com.unity.visualscripting@1.8.0\Editor\VisualScripting.Core\Dependencies\YamlDotNet\Unity.VisualScripting.YamlDotNet.dll
Symbol file LoadedFromMemory doesn't match image E:\GitHub\Alice\AliceProject\Library\PackageCache\com.unity.visualscripting@1.8.0\Editor\VisualScripting.Core\Dependencies\DotNetZip\Unity.VisualScripting.IonicZip.dll
Native extension for WindowsStandalone target not found
Refreshing native plugins compatible for Editor in 1.36 ms, found 5 plugins.
Preloading 0 native plugins for Editor in 0.00 ms.
Mono: successfully reloaded assembly
- Completed reload, in  3.794 seconds
Domain Reload Profiling:
	ReloadAssembly (3796ms)
		BeginReloadAssembly (604ms)
			ExecutionOrderSort (0ms)
			DisableScriptedObjects (10ms)
			BackupInstance (0ms)
			ReleaseScriptingObjects (0ms)
			CreateAndSetChildDomain (65ms)
		EndReloadAssembly (2695ms)
			LoadAssemblies (691ms)
			RebuildTransferFunctionScriptingTraits (0ms)
			SetupTypeCache (1329ms)
			ReleaseScriptCaches (2ms)
			RebuildScriptCaches (83ms)
			SetupLoadedEditorAssemblies (812ms)
				LogAssemblyErrors (0ms)
				InitializePlatformSupportModulesInManaged (13ms)
				SetLoadedEditorAssemblies (1ms)
				RefreshPlugins (2ms)
				BeforeProcessingInitializeOnLoad (186ms)
				ProcessInitializeOnLoadAttributes (546ms)
				ProcessInitializeOnLoadMethodAttributes (50ms)
				AfterProcessingInitializeOnLoad (15ms)
				EditorAssembliesLoaded (0ms)
			ExecutionOrderSort2 (0ms)
			AwakeInstancesAfterBackupRestoration (47ms)
Platform modules already initialized, skipping
Refreshing native plugins compatible for Editor in 3.17 ms, found 5 plugins.
Preloading 0 native plugins for Editor in 0.00 ms.
Unloading 3310 Unused Serialized files (Serialized files now loaded: 0)
Unloading 32 unused Assets / (1.3 MB). Loaded Objects now: 3880.
Memory consumption went from 128.1 MB to 126.8 MB.
Total: 5.780400 ms (FindLiveObjects: 0.513300 ms CreateObjectMapping: 0.294800 ms MarkObjects: 4.589400 ms  DeleteObjects: 0.375000 ms)

AssetImportParameters requested are different than current active one (requested -> active):
  custom:video-decoder-ogg-theora: a1e56fd34408186e4bbccfd4996cb3dc -> 
  custom:container-muxer-webm: aa71ff27fc2769a1b78a27578f13a17b -> 
  custom:container-demuxer-webm: 4f35f7cbe854078d1ac9338744f61a02 -> 
  custom:video-encoder-webm-vp8: eb34c28f22e8b96e1ab97ce403110664 -> 
  custom:audio-encoder-webm-vorbis: bf7c407c2cedff20999df2af8eb42d56 -> 
  custom:framework-win-MediaFoundation: 216162199b28c13a410421893ffa2e32 -> 
  custom:container-demuxer-ogg: 62fdf1f143b41e24485cea50d1cbac27 -> 
  custom:video-decoder-webm-vp8: 9c59270c3fd7afecdb556c50c9e8de78 -> 
  custom:audio-decoder-ogg-vorbis: bf7c407c2cedff20999df2af8eb42d56 -> 
========================================================================
Received Prepare
Registering precompiled user dll's ...
Registered in 0.009667 seconds.
Begin MonoManager ReloadAssembly
Symbol file LoadedFromMemory doesn't match image E:\GitHub\Alice\AliceProject\Library\PackageCache\com.unity.visualscripting@1.8.0\Editor\VisualScripting.Core\Dependencies\YamlDotNet\Unity.VisualScripting.YamlDotNet.dll
Symbol file LoadedFromMemory doesn't match image E:\GitHub\Alice\AliceProject\Library\PackageCache\com.unity.visualscripting@1.8.0\Editor\VisualScripting.Core\Dependencies\DotNetZip\Unity.VisualScripting.IonicZip.dll
Native extension for WindowsStandalone target not found
Refreshing native plugins compatible for Editor in 1.40 ms, found 5 plugins.
Preloading 0 native plugins for Editor in 0.00 ms.
Mono: successfully reloaded assembly
- Completed reload, in  5.542 seconds
Domain Reload Profiling:
	ReloadAssembly (5544ms)
		BeginReloadAssembly (726ms)
			ExecutionOrderSort (0ms)
			DisableScriptedObjects (10ms)
			BackupInstance (0ms)
			ReleaseScriptingObjects (0ms)
			CreateAndSetChildDomain (95ms)
		EndReloadAssembly (4269ms)
			LoadAssemblies (769ms)
			RebuildTransferFunctionScriptingTraits (0ms)
			SetupTypeCache (1787ms)
			ReleaseScriptCaches (8ms)
			RebuildScriptCaches (417ms)
			SetupLoadedEditorAssemblies (1307ms)
				LogAssemblyErrors (0ms)
				InitializePlatformSupportModulesInManaged (13ms)
				SetLoadedEditorAssemblies (1ms)
				RefreshPlugins (2ms)
				BeforeProcessingInitializeOnLoad (378ms)
				ProcessInitializeOnLoadAttributes (875ms)
				ProcessInitializeOnLoadMethodAttributes (32ms)
				AfterProcessingInitializeOnLoad (6ms)
				EditorAssembliesLoaded (0ms)
			ExecutionOrderSort2 (0ms)
			AwakeInstancesAfterBackupRestoration (31ms)
Platform modules already initialized, skipping
Refreshing native plugins compatible for Editor in 3.13 ms, found 5 plugins.
Preloading 0 native plugins for Editor in 0.00 ms.
Unloading 3310 Unused Serialized files (Serialized files now loaded: 0)
Unloading 32 unused Assets / (1.3 MB). Loaded Objects now: 3883.
Memory consumption went from 128.1 MB to 126.8 MB.
Total: 4.783500 ms (FindLiveObjects: 0.313000 ms CreateObjectMapping: 0.189000 ms MarkObjects: 3.977700 ms  DeleteObjects: 0.302500 ms)

AssetImportParameters requested are different than current active one (requested -> active):
  custom:video-decoder-ogg-theora: a1e56fd34408186e4bbccfd4996cb3dc -> 
  custom:container-muxer-webm: aa71ff27fc2769a1b78a27578f13a17b -> 
  custom:container-demuxer-webm: 4f35f7cbe854078d1ac9338744f61a02 -> 
  custom:video-encoder-webm-vp8: eb34c28f22e8b96e1ab97ce403110664 -> 
  custom:audio-encoder-webm-vorbis: bf7c407c2cedff20999df2af8eb42d56 -> 
  custom:framework-win-MediaFoundation: 216162199b28c13a410421893ffa2e32 -> 
  custom:container-demuxer-ogg: 62fdf1f143b41e24485cea50d1cbac27 -> 
  custom:video-decoder-webm-vp8: 9c59270c3fd7afecdb556c50c9e8de78 -> 
  custom:audio-decoder-ogg-vorbis: bf7c407c2cedff20999df2af8eb42d56 -> 
